<?xml version="1.0" encoding="UTF-8"?>
<testsuite xmlns:xsi="http://www.w3.org/2001/XMLSchema-instance" xsi:noNamespaceSchemaLocation="https://maven.apache.org/surefire/maven-surefire-plugin/xsd/surefire-test-report-3.0.xsd" version="3.0" name="DepartamentoServiceTest" time="3.912" tests="6" errors="0" skipped="0" failures="0">
  <properties>
    <property name="java.specification.version" value="21"/>
    <property name="sun.jnu.encoding" value="UTF-8"/>
    <property name="java.class.path" value="/Users/antonioroldanandrade/Documents/IW2023-2024-OMW/target/test-classes:/Users/antonioroldanandrade/Documents/IW2023-2024-OMW/target/classes:/Users/antonioroldanandrade/.m2/repository/com/h2database/h2/2.1.214/h2-2.1.214.jar:/Users/antonioroldanandrade/.m2/repository/com/itextpdf/barcodes/7.0.4/barcodes-7.0.4.jar:/Users/antonioroldanandrade/.m2/repository/org/slf4j/slf4j-api/2.0.9/slf4j-api-2.0.9.jar:/Users/antonioroldanandrade/.m2/repository/com/itextpdf/font-asian/7.0.4/font-asian-7.0.4.jar:/Users/antonioroldanandrade/.m2/repository/com/itextpdf/forms/7.0.4/forms-7.0.4.jar:/Users/antonioroldanandrade/.m2/repository/com/itextpdf/hyph/7.0.4/hyph-7.0.4.jar:/Users/antonioroldanandrade/.m2/repository/com/itextpdf/io/7.0.4/io-7.0.4.jar:/Users/antonioroldanandrade/.m2/repository/com/itextpdf/kernel/7.0.4/kernel-7.0.4.jar:/Users/antonioroldanandrade/.m2/repository/com/itextpdf/layout/7.0.4/layout-7.0.4.jar:/Users/antonioroldanandrade/.m2/repository/com/itextpdf/pdfa/7.0.4/pdfa-7.0.4.jar:/Users/antonioroldanandrade/.m2/repository/com/itextpdf/sign/7.0.4/sign-7.0.4.jar:/Users/antonioroldanandrade/.m2/repository/org/springframework/boot/spring-boot-starter-mail/3.1.5/spring-boot-starter-mail-3.1.5.jar:/Users/antonioroldanandrade/.m2/repository/org/springframework/boot/spring-boot-starter/3.1.5/spring-boot-starter-3.1.5.jar:/Users/antonioroldanandrade/.m2/repository/org/springframework/boot/spring-boot-starter-logging/3.1.5/spring-boot-starter-logging-3.1.5.jar:/Users/antonioroldanandrade/.m2/repository/ch/qos/logback/logback-classic/1.4.11/logback-classic-1.4.11.jar:/Users/antonioroldanandrade/.m2/repository/ch/qos/logback/logback-core/1.4.11/logback-core-1.4.11.jar:/Users/antonioroldanandrade/.m2/repository/org/apache/logging/log4j/log4j-to-slf4j/2.20.0/log4j-to-slf4j-2.20.0.jar:/Users/antonioroldanandrade/.m2/repository/org/apache/logging/log4j/log4j-api/2.20.0/log4j-api-2.20.0.jar:/Users/antonioroldanandrade/.m2/repository/org/slf4j/jul-to-slf4j/2.0.9/jul-to-slf4j-2.0.9.jar:/Users/antonioroldanandrade/.m2/repository/jakarta/annotation/jakarta.annotation-api/2.1.1/jakarta.annotation-api-2.1.1.jar:/Users/antonioroldanandrade/.m2/repository/org/yaml/snakeyaml/1.33/snakeyaml-1.33.jar:/Users/antonioroldanandrade/.m2/repository/org/springframework/spring-context-support/6.0.13/spring-context-support-6.0.13.jar:/Users/antonioroldanandrade/.m2/repository/org/springframework/spring-beans/6.0.13/spring-beans-6.0.13.jar:/Users/antonioroldanandrade/.m2/repository/org/springframework/spring-context/6.0.13/spring-context-6.0.13.jar:/Users/antonioroldanandrade/.m2/repository/org/eclipse/angus/jakarta.mail/1.1.0/jakarta.mail-1.1.0.jar:/Users/antonioroldanandrade/.m2/repository/jakarta/activation/jakarta.activation-api/2.1.2/jakarta.activation-api-2.1.2.jar:/Users/antonioroldanandrade/.m2/repository/org/eclipse/angus/angus-activation/2.0.1/angus-activation-2.0.1.jar:/Users/antonioroldanandrade/.m2/repository/javax/mail/mail/1.4/mail-1.4.jar:/Users/antonioroldanandrade/.m2/repository/javax/activation/activation/1.1/activation-1.1.jar:/Users/antonioroldanandrade/.m2/repository/org/springframework/boot/spring-boot-starter-data-jpa/3.1.5/spring-boot-starter-data-jpa-3.1.5.jar:/Users/antonioroldanandrade/.m2/repository/org/springframework/boot/spring-boot-starter-aop/3.1.5/spring-boot-starter-aop-3.1.5.jar:/Users/antonioroldanandrade/.m2/repository/org/aspectj/aspectjweaver/1.9.20/aspectjweaver-1.9.20.jar:/Users/antonioroldanandrade/.m2/repository/org/springframework/boot/spring-boot-starter-jdbc/3.1.5/spring-boot-starter-jdbc-3.1.5.jar:/Users/antonioroldanandrade/.m2/repository/com/zaxxer/HikariCP/5.0.1/HikariCP-5.0.1.jar:/Users/antonioroldanandrade/.m2/repository/org/springframework/spring-jdbc/6.0.13/spring-jdbc-6.0.13.jar:/Users/antonioroldanandrade/.m2/repository/org/hibernate/orm/hibernate-core/6.2.13.Final/hibernate-core-6.2.13.Final.jar:/Users/antonioroldanandrade/.m2/repository/jakarta/persistence/jakarta.persistence-api/3.1.0/jakarta.persistence-api-3.1.0.jar:/Users/antonioroldanandrade/.m2/repository/jakarta/transaction/jakarta.transaction-api/2.0.1/jakarta.transaction-api-2.0.1.jar:/Users/antonioroldanandrade/.m2/repository/org/jboss/logging/jboss-logging/3.5.3.Final/jboss-logging-3.5.3.Final.jar:/Users/antonioroldanandrade/.m2/repository/org/hibernate/common/hibernate-commons-annotations/6.0.6.Final/hibernate-commons-annotations-6.0.6.Final.jar:/Users/antonioroldanandrade/.m2/repository/io/smallrye/jandex/3.0.5/jandex-3.0.5.jar:/Users/antonioroldanandrade/.m2/repository/com/fasterxml/classmate/1.5.1/classmate-1.5.1.jar:/Users/antonioroldanandrade/.m2/repository/net/bytebuddy/byte-buddy/1.14.9/byte-buddy-1.14.9.jar:/Users/antonioroldanandrade/.m2/repository/org/glassfish/jaxb/jaxb-runtime/4.0.3/jaxb-runtime-4.0.3.jar:/Users/antonioroldanandrade/.m2/repository/org/glassfish/jaxb/jaxb-core/4.0.3/jaxb-core-4.0.3.jar:/Users/antonioroldanandrade/.m2/repository/org/glassfish/jaxb/txw2/4.0.3/txw2-4.0.3.jar:/Users/antonioroldanandrade/.m2/repository/com/sun/istack/istack-commons-runtime/4.1.2/istack-commons-runtime-4.1.2.jar:/Users/antonioroldanandrade/.m2/repository/jakarta/inject/jakarta.inject-api/2.0.1/jakarta.inject-api-2.0.1.jar:/Users/antonioroldanandrade/.m2/repository/org/antlr/antlr4-runtime/4.10.1/antlr4-runtime-4.10.1.jar:/Users/antonioroldanandrade/.m2/repository/org/springframework/data/spring-data-jpa/3.1.5/spring-data-jpa-3.1.5.jar:/Users/antonioroldanandrade/.m2/repository/org/springframework/data/spring-data-commons/3.1.5/spring-data-commons-3.1.5.jar:/Users/antonioroldanandrade/.m2/repository/org/springframework/spring-orm/6.0.13/spring-orm-6.0.13.jar:/Users/antonioroldanandrade/.m2/repository/org/springframework/spring-tx/6.0.13/spring-tx-6.0.13.jar:/Users/antonioroldanandrade/.m2/repository/org/springframework/spring-aspects/6.0.13/spring-aspects-6.0.13.jar:/Users/antonioroldanandrade/.m2/repository/com/vaadin/vaadin-spring-boot-starter/24.2.1/vaadin-spring-boot-starter-24.2.1.jar:/Users/antonioroldanandrade/.m2/repository/com/vaadin/vaadin-spring/24.2.1/vaadin-spring-24.2.1.jar:/Users/antonioroldanandrade/.m2/repository/com/vaadin/flow-server/24.2.1/flow-server-24.2.1.jar:/Users/antonioroldanandrade/.m2/repository/com/vaadin/servletdetector/throw-if-servlet3/1.0.2/throw-if-servlet3-1.0.2.jar:/Users/antonioroldanandrade/.m2/repository/com/vaadin/external/gwt/gwt-elemental/2.8.2.vaadin2/gwt-elemental-2.8.2.vaadin2.jar:/Users/antonioroldanandrade/.m2/repository/org/apache/commons/commons-fileupload2-jakarta/2.0.0-M1/commons-fileupload2-jakarta-2.0.0-M1.jar:/Users/antonioroldanandrade/.m2/repository/org/apache/commons/commons-fileupload2-core/2.0.0-M1/commons-fileupload2-core-2.0.0-M1.jar:/Users/antonioroldanandrade/.m2/repository/commons-io/commons-io/2.13.0/commons-io-2.13.0.jar:/Users/antonioroldanandrade/.m2/repository/com/fasterxml/jackson/datatype/jackson-datatype-jsr310/2.15.3/jackson-datatype-jsr310-2.15.3.jar:/Users/antonioroldanandrade/.m2/repository/org/jsoup/jsoup/1.16.1/jsoup-1.16.1.jar:/Users/antonioroldanandrade/.m2/repository/com/helger/ph-css/7.0.1/ph-css-7.0.1.jar:/Users/antonioroldanandrade/.m2/repository/com/helger/commons/ph-commons/11.1.0/ph-commons-11.1.0.jar:/Users/antonioroldanandrade/.m2/repository/org/ow2/asm/asm/9.5/asm-9.5.jar:/Users/antonioroldanandrade/.m2/repository/com/vaadin/external/gentyref/1.2.0.vaadin1/gentyref-1.2.0.vaadin1.jar:/Users/antonioroldanandrade/.m2/repository/org/apache/commons/commons-compress/1.24.0/commons-compress-1.24.0.jar:/Users/antonioroldanandrade/.m2/repository/com/vaadin/flow-push/24.2.1/flow-push-24.2.1.jar:/Users/antonioroldanandrade/.m2/repository/com/vaadin/external/atmosphere/atmosphere-runtime/3.0.3.slf4jvaadin1/atmosphere-runtime-3.0.3.slf4jvaadin1.jar:/Users/antonioroldanandrade/.m2/repository/com/vaadin/flow-client/24.2.1/flow-client-24.2.1.jar:/Users/antonioroldanandrade/.m2/repository/org/springframework/spring-webmvc/6.0.13/spring-webmvc-6.0.13.jar:/Users/antonioroldanandrade/.m2/repository/org/springframework/spring-websocket/6.0.13/spring-websocket-6.0.13.jar:/Users/antonioroldanandrade/.m2/repository/org/hibernate/validator/hibernate-validator/8.0.1.Final/hibernate-validator-8.0.1.Final.jar:/Users/antonioroldanandrade/.m2/repository/jakarta/validation/jakarta.validation-api/3.0.2/jakarta.validation-api-3.0.2.jar:/Users/antonioroldanandrade/.m2/repository/org/reflections/reflections/0.10.2/reflections-0.10.2.jar:/Users/antonioroldanandrade/.m2/repository/org/javassist/javassist/3.28.0-GA/javassist-3.28.0-GA.jar:/Users/antonioroldanandrade/.m2/repository/com/google/code/findbugs/jsr305/3.0.2/jsr305-3.0.2.jar:/Users/antonioroldanandrade/.m2/repository/com/vaadin/vaadin-core/24.2.1/vaadin-core-24.2.1.jar:/Users/antonioroldanandrade/.m2/repository/com/vaadin/vaadin-core-internal/24.2.1/vaadin-core-internal-24.2.1.jar:/Users/antonioroldanandrade/.m2/repository/com/vaadin/flow-lit-template/24.2.1/flow-lit-template-24.2.1.jar:/Users/antonioroldanandrade/.m2/repository/com/vaadin/flow-html-components/24.2.1/flow-html-components-24.2.1.jar:/Users/antonioroldanandrade/.m2/repository/com/vaadin/flow-data/24.2.1/flow-data-24.2.1.jar:/Users/antonioroldanandrade/.m2/repository/com/vaadin/flow-dnd/24.2.1/flow-dnd-24.2.1.jar:/Users/antonioroldanandrade/.m2/repository/com/vaadin/vaadin-lumo-theme/24.2.1/vaadin-lumo-theme-24.2.1.jar:/Users/antonioroldanandrade/.m2/repository/com/vaadin/vaadin-material-theme/24.2.1/vaadin-material-theme-24.2.1.jar:/Users/antonioroldanandrade/.m2/repository/com/vaadin/vaadin-accordion-flow/24.2.1/vaadin-accordion-flow-24.2.1.jar:/Users/antonioroldanandrade/.m2/repository/com/vaadin/vaadin-avatar-flow/24.2.1/vaadin-avatar-flow-24.2.1.jar:/Users/antonioroldanandrade/.m2/repository/com/vaadin/vaadin-flow-components-base/24.2.1/vaadin-flow-components-base-24.2.1.jar:/Users/antonioroldanandrade/.m2/repository/com/vaadin/vaadin-button-flow/24.2.1/vaadin-button-flow-24.2.1.jar:/Users/antonioroldanandrade/.m2/repository/com/vaadin/vaadin-checkbox-flow/24.2.1/vaadin-checkbox-flow-24.2.1.jar:/Users/antonioroldanandrade/.m2/repository/com/vaadin/vaadin-combo-box-flow/24.2.1/vaadin-combo-box-flow-24.2.1.jar:/Users/antonioroldanandrade/.m2/repository/com/vaadin/vaadin-confirm-dialog-flow/24.2.1/vaadin-confirm-dialog-flow-24.2.1.jar:/Users/antonioroldanandrade/.m2/repository/com/vaadin/vaadin-custom-field-flow/24.2.1/vaadin-custom-field-flow-24.2.1.jar:/Users/antonioroldanandrade/.m2/repository/com/vaadin/vaadin-date-picker-flow/24.2.1/vaadin-date-picker-flow-24.2.1.jar:/Users/antonioroldanandrade/.m2/repository/com/vaadin/vaadin-date-time-picker-flow/24.2.1/vaadin-date-time-picker-flow-24.2.1.jar:/Users/antonioroldanandrade/.m2/repository/com/vaadin/vaadin-details-flow/24.2.1/vaadin-details-flow-24.2.1.jar:/Users/antonioroldanandrade/.m2/repository/com/vaadin/vaadin-time-picker-flow/24.2.1/vaadin-time-picker-flow-24.2.1.jar:/Users/antonioroldanandrade/.m2/repository/com/vaadin/vaadin-select-flow/24.2.1/vaadin-select-flow-24.2.1.jar:/Users/antonioroldanandrade/.m2/repository/com/vaadin/vaadin-side-nav-flow/24.2.1/vaadin-side-nav-flow-24.2.1.jar:/Users/antonioroldanandrade/.m2/repository/com/vaadin/vaadin-dialog-flow/24.2.1/vaadin-dialog-flow-24.2.1.jar:/Users/antonioroldanandrade/.m2/repository/com/vaadin/vaadin-form-layout-flow/24.2.1/vaadin-form-layout-flow-24.2.1.jar:/Users/antonioroldanandrade/.m2/repository/com/vaadin/vaadin-field-highlighter-flow/24.2.1/vaadin-field-highlighter-flow-24.2.1.jar:/Users/antonioroldanandrade/.m2/repository/com/vaadin/vaadin-grid-flow/24.2.1/vaadin-grid-flow-24.2.1.jar:/Users/antonioroldanandrade/.m2/repository/org/apache/commons/commons-lang3/3.12.0/commons-lang3-3.12.0.jar:/Users/antonioroldanandrade/.m2/repository/com/vaadin/vaadin-icons-flow/24.2.1/vaadin-icons-flow-24.2.1.jar:/Users/antonioroldanandrade/.m2/repository/com/vaadin/vaadin-virtual-list-flow/24.2.1/vaadin-virtual-list-flow-24.2.1.jar:/Users/antonioroldanandrade/.m2/repository/com/vaadin/vaadin-list-box-flow/24.2.1/vaadin-list-box-flow-24.2.1.jar:/Users/antonioroldanandrade/.m2/repository/com/vaadin/vaadin-login-flow/24.2.1/vaadin-login-flow-24.2.1.jar:/Users/antonioroldanandrade/.m2/repository/com/vaadin/vaadin-messages-flow/24.2.1/vaadin-messages-flow-24.2.1.jar:/Users/antonioroldanandrade/.m2/repository/com/vaadin/vaadin-ordered-layout-flow/24.2.1/vaadin-ordered-layout-flow-24.2.1.jar:/Users/antonioroldanandrade/.m2/repository/com/vaadin/vaadin-progress-bar-flow/24.2.1/vaadin-progress-bar-flow-24.2.1.jar:/Users/antonioroldanandrade/.m2/repository/com/vaadin/vaadin-radio-button-flow/24.2.1/vaadin-radio-button-flow-24.2.1.jar:/Users/antonioroldanandrade/.m2/repository/com/vaadin/vaadin-renderer-flow/24.2.1/vaadin-renderer-flow-24.2.1.jar:/Users/antonioroldanandrade/.m2/repository/com/vaadin/vaadin-split-layout-flow/24.2.1/vaadin-split-layout-flow-24.2.1.jar:/Users/antonioroldanandrade/.m2/repository/com/vaadin/vaadin-tabs-flow/24.2.1/vaadin-tabs-flow-24.2.1.jar:/Users/antonioroldanandrade/.m2/repository/com/vaadin/vaadin-text-field-flow/24.2.1/vaadin-text-field-flow-24.2.1.jar:/Users/antonioroldanandrade/.m2/repository/com/vaadin/vaadin-upload-flow/24.2.1/vaadin-upload-flow-24.2.1.jar:/Users/antonioroldanandrade/.m2/repository/com/vaadin/vaadin-notification-flow/24.2.1/vaadin-notification-flow-24.2.1.jar:/Users/antonioroldanandrade/.m2/repository/com/vaadin/vaadin-app-layout-flow/24.2.1/vaadin-app-layout-flow-24.2.1.jar:/Users/antonioroldanandrade/.m2/repository/com/vaadin/vaadin-context-menu-flow/24.2.1/vaadin-context-menu-flow-24.2.1.jar:/Users/antonioroldanandrade/.m2/repository/com/vaadin/vaadin-menu-bar-flow/24.2.1/vaadin-menu-bar-flow-24.2.1.jar:/Users/antonioroldanandrade/.m2/repository/com/vaadin/vaadin-dev/24.2.1/vaadin-dev-24.2.1.jar:/Users/antonioroldanandrade/.m2/repository/com/vaadin/vaadin-dev-server/24.2.1/vaadin-dev-server-24.2.1.jar:/Users/antonioroldanandrade/.m2/repository/com/vaadin/license-checker/1.12.3/license-checker-1.12.3.jar:/Users/antonioroldanandrade/.m2/repository/com/github/oshi/oshi-core/6.4.1/oshi-core-6.4.1.jar:/Users/antonioroldanandrade/.m2/repository/net/java/dev/jna/jna/5.13.0/jna-5.13.0.jar:/Users/antonioroldanandrade/.m2/repository/net/java/dev/jna/jna-platform/5.13.0/jna-platform-5.13.0.jar:/Users/antonioroldanandrade/.m2/repository/com/nimbusds/nimbus-jose-jwt/9.31/nimbus-jose-jwt-9.31.jar:/Users/antonioroldanandrade/.m2/repository/org/lucee/jcip-annotations/1.0.0/jcip-annotations-1.0.0.jar:/Users/antonioroldanandrade/.m2/repository/com/vaadin/open/8.5.0/open-8.5.0.jar:/Users/antonioroldanandrade/.m2/repository/com/github/javaparser/javaparser-core/3.25.5/javaparser-core-3.25.5.jar:/Users/antonioroldanandrade/.m2/repository/io/methvin/directory-watcher/0.18.0/directory-watcher-0.18.0.jar:/Users/antonioroldanandrade/.m2/repository/com/vaadin/vaadin-dev-bundle/24.2.1/vaadin-dev-bundle-24.2.1.jar:/Users/antonioroldanandrade/.m2/repository/org/springframework/boot/spring-boot-starter-web/3.1.5/spring-boot-starter-web-3.1.5.jar:/Users/antonioroldanandrade/.m2/repository/org/springframework/boot/spring-boot-starter-json/3.1.5/spring-boot-starter-json-3.1.5.jar:/Users/antonioroldanandrade/.m2/repository/com/fasterxml/jackson/datatype/jackson-datatype-jdk8/2.15.3/jackson-datatype-jdk8-2.15.3.jar:/Users/antonioroldanandrade/.m2/repository/com/fasterxml/jackson/module/jackson-module-parameter-names/2.15.3/jackson-module-parameter-names-2.15.3.jar:/Users/antonioroldanandrade/.m2/repository/org/springframework/boot/spring-boot-starter-tomcat/3.1.5/spring-boot-starter-tomcat-3.1.5.jar:/Users/antonioroldanandrade/.m2/repository/org/apache/tomcat/embed/tomcat-embed-core/10.1.15/tomcat-embed-core-10.1.15.jar:/Users/antonioroldanandrade/.m2/repository/org/apache/tomcat/embed/tomcat-embed-el/10.1.15/tomcat-embed-el-10.1.15.jar:/Users/antonioroldanandrade/.m2/repository/org/apache/tomcat/embed/tomcat-embed-websocket/10.1.15/tomcat-embed-websocket-10.1.15.jar:/Users/antonioroldanandrade/.m2/repository/org/springframework/spring-web/6.0.13/spring-web-6.0.13.jar:/Users/antonioroldanandrade/.m2/repository/io/micrometer/micrometer-observation/1.11.5/micrometer-observation-1.11.5.jar:/Users/antonioroldanandrade/.m2/repository/io/micrometer/micrometer-commons/1.11.5/micrometer-commons-1.11.5.jar:/Users/antonioroldanandrade/.m2/repository/org/springframework/boot/spring-boot-starter-security/3.1.5/spring-boot-starter-security-3.1.5.jar:/Users/antonioroldanandrade/.m2/repository/org/springframework/spring-aop/6.0.13/spring-aop-6.0.13.jar:/Users/antonioroldanandrade/.m2/repository/org/springframework/security/spring-security-config/6.1.5/spring-security-config-6.1.5.jar:/Users/antonioroldanandrade/.m2/repository/org/springframework/security/spring-security-core/6.1.5/spring-security-core-6.1.5.jar:/Users/antonioroldanandrade/.m2/repository/org/springframework/security/spring-security-crypto/6.1.5/spring-security-crypto-6.1.5.jar:/Users/antonioroldanandrade/.m2/repository/org/springframework/security/spring-security-web/6.1.5/spring-security-web-6.1.5.jar:/Users/antonioroldanandrade/.m2/repository/org/springframework/spring-expression/6.0.13/spring-expression-6.0.13.jar:/Users/antonioroldanandrade/.m2/repository/org/springframework/boot/spring-boot-devtools/3.1.5/spring-boot-devtools-3.1.5.jar:/Users/antonioroldanandrade/.m2/repository/org/springframework/boot/spring-boot/3.1.5/spring-boot-3.1.5.jar:/Users/antonioroldanandrade/.m2/repository/org/springframework/boot/spring-boot-autoconfigure/3.1.5/spring-boot-autoconfigure-3.1.5.jar:/Users/antonioroldanandrade/.m2/repository/org/projectlombok/lombok/1.18.30/lombok-1.18.30.jar:/Users/antonioroldanandrade/.m2/repository/org/springframework/boot/spring-boot-starter-test/3.1.5/spring-boot-starter-test-3.1.5.jar:/Users/antonioroldanandrade/.m2/repository/org/springframework/boot/spring-boot-test/3.1.5/spring-boot-test-3.1.5.jar:/Users/antonioroldanandrade/.m2/repository/org/springframework/boot/spring-boot-test-autoconfigure/3.1.5/spring-boot-test-autoconfigure-3.1.5.jar:/Users/antonioroldanandrade/.m2/repository/com/jayway/jsonpath/json-path/2.8.0/json-path-2.8.0.jar:/Users/antonioroldanandrade/.m2/repository/jakarta/xml/bind/jakarta.xml.bind-api/4.0.1/jakarta.xml.bind-api-4.0.1.jar:/Users/antonioroldanandrade/.m2/repository/net/minidev/json-smart/2.4.11/json-smart-2.4.11.jar:/Users/antonioroldanandrade/.m2/repository/net/minidev/accessors-smart/2.4.11/accessors-smart-2.4.11.jar:/Users/antonioroldanandrade/.m2/repository/org/assertj/assertj-core/3.24.2/assertj-core-3.24.2.jar:/Users/antonioroldanandrade/.m2/repository/org/hamcrest/hamcrest/2.2/hamcrest-2.2.jar:/Users/antonioroldanandrade/.m2/repository/org/junit/jupiter/junit-jupiter/5.9.3/junit-jupiter-5.9.3.jar:/Users/antonioroldanandrade/.m2/repository/org/junit/jupiter/junit-jupiter-api/5.9.3/junit-jupiter-api-5.9.3.jar:/Users/antonioroldanandrade/.m2/repository/org/opentest4j/opentest4j/1.2.0/opentest4j-1.2.0.jar:/Users/antonioroldanandrade/.m2/repository/org/junit/platform/junit-platform-commons/1.9.3/junit-platform-commons-1.9.3.jar:/Users/antonioroldanandrade/.m2/repository/org/apiguardian/apiguardian-api/1.1.2/apiguardian-api-1.1.2.jar:/Users/antonioroldanandrade/.m2/repository/org/junit/jupiter/junit-jupiter-params/5.9.3/junit-jupiter-params-5.9.3.jar:/Users/antonioroldanandrade/.m2/repository/org/junit/jupiter/junit-jupiter-engine/5.9.3/junit-jupiter-engine-5.9.3.jar:/Users/antonioroldanandrade/.m2/repository/org/junit/platform/junit-platform-engine/1.9.3/junit-platform-engine-1.9.3.jar:/Users/antonioroldanandrade/.m2/repository/org/mockito/mockito-core/5.3.1/mockito-core-5.3.1.jar:/Users/antonioroldanandrade/.m2/repository/net/bytebuddy/byte-buddy-agent/1.14.9/byte-buddy-agent-1.14.9.jar:/Users/antonioroldanandrade/.m2/repository/org/objenesis/objenesis/3.3/objenesis-3.3.jar:/Users/antonioroldanandrade/.m2/repository/org/mockito/mockito-junit-jupiter/5.3.1/mockito-junit-jupiter-5.3.1.jar:/Users/antonioroldanandrade/.m2/repository/org/skyscreamer/jsonassert/1.5.1/jsonassert-1.5.1.jar:/Users/antonioroldanandrade/.m2/repository/com/vaadin/external/google/android-json/0.0.20131108.vaadin1/android-json-0.0.20131108.vaadin1.jar:/Users/antonioroldanandrade/.m2/repository/org/springframework/spring-core/6.0.13/spring-core-6.0.13.jar:/Users/antonioroldanandrade/.m2/repository/org/springframework/spring-jcl/6.0.13/spring-jcl-6.0.13.jar:/Users/antonioroldanandrade/.m2/repository/org/springframework/spring-test/6.0.13/spring-test-6.0.13.jar:/Users/antonioroldanandrade/.m2/repository/org/xmlunit/xmlunit-core/2.9.1/xmlunit-core-2.9.1.jar:/Users/antonioroldanandrade/.m2/repository/mysql/mysql-connector-java/8.0.27/mysql-connector-java-8.0.27.jar:/Users/antonioroldanandrade/.m2/repository/com/google/protobuf/protobuf-java/3.11.4/protobuf-java-3.11.4.jar:/Users/antonioroldanandrade/.m2/repository/com/fasterxml/jackson/core/jackson-databind/2.15.3/jackson-databind-2.15.3.jar:/Users/antonioroldanandrade/.m2/repository/com/fasterxml/jackson/core/jackson-annotations/2.15.3/jackson-annotations-2.15.3.jar:/Users/antonioroldanandrade/.m2/repository/com/fasterxml/jackson/core/jackson-core/2.15.3/jackson-core-2.15.3.jar:/Users/antonioroldanandrade/.m2/repository/org/postgresql/postgresql/42.6.0/postgresql-42.6.0.jar:/Users/antonioroldanandrade/.m2/repository/org/checkerframework/checker-qual/3.31.0/checker-qual-3.31.0.jar:"/>
    <property name="java.vm.vendor" value="Homebrew"/>
    <property name="sun.arch.data.model" value="64"/>
    <property name="spring.devtools.livereload.port" value="35729"/>
    <property name="java.vendor.url" value="https://github.com/Homebrew/homebrew-core/issues"/>
    <property name="user.timezone" value="Europe/Madrid"/>
    <property name="org.jboss.logging.provider" value="slf4j"/>
    <property name="os.name" value="Mac OS X"/>
    <property name="java.vm.specification.version" value="21"/>
    <property name="sun.java.launcher" value="SUN_STANDARD"/>
    <property name="user.country" value="ES"/>
    <property name="sun.boot.library.path" value="/opt/homebrew/Cellar/openjdk/21.0.1/libexec/openjdk.jdk/Contents/Home/lib"/>
    <property name="sun.java.command" value="/Users/antonioroldanandrade/Documents/IW2023-2024-OMW/target/surefire/surefirebooter-20240109200642805_3.jar /Users/antonioroldanandrade/Documents/IW2023-2024-OMW/target/surefire 2024-01-09T20-06-42_653-jvmRun1 surefire-20240109200642805_1tmp surefire_0-20240109200642805_2tmp"/>
    <property name="jdk.debug" value="release"/>
    <property name="surefire.test.class.path" value="/Users/antonioroldanandrade/Documents/IW2023-2024-OMW/target/test-classes:/Users/antonioroldanandrade/Documents/IW2023-2024-OMW/target/classes:/Users/antonioroldanandrade/.m2/repository/com/h2database/h2/2.1.214/h2-2.1.214.jar:/Users/antonioroldanandrade/.m2/repository/com/itextpdf/barcodes/7.0.4/barcodes-7.0.4.jar:/Users/antonioroldanandrade/.m2/repository/org/slf4j/slf4j-api/2.0.9/slf4j-api-2.0.9.jar:/Users/antonioroldanandrade/.m2/repository/com/itextpdf/font-asian/7.0.4/font-asian-7.0.4.jar:/Users/antonioroldanandrade/.m2/repository/com/itextpdf/forms/7.0.4/forms-7.0.4.jar:/Users/antonioroldanandrade/.m2/repository/com/itextpdf/hyph/7.0.4/hyph-7.0.4.jar:/Users/antonioroldanandrade/.m2/repository/com/itextpdf/io/7.0.4/io-7.0.4.jar:/Users/antonioroldanandrade/.m2/repository/com/itextpdf/kernel/7.0.4/kernel-7.0.4.jar:/Users/antonioroldanandrade/.m2/repository/com/itextpdf/layout/7.0.4/layout-7.0.4.jar:/Users/antonioroldanandrade/.m2/repository/com/itextpdf/pdfa/7.0.4/pdfa-7.0.4.jar:/Users/antonioroldanandrade/.m2/repository/com/itextpdf/sign/7.0.4/sign-7.0.4.jar:/Users/antonioroldanandrade/.m2/repository/org/springframework/boot/spring-boot-starter-mail/3.1.5/spring-boot-starter-mail-3.1.5.jar:/Users/antonioroldanandrade/.m2/repository/org/springframework/boot/spring-boot-starter/3.1.5/spring-boot-starter-3.1.5.jar:/Users/antonioroldanandrade/.m2/repository/org/springframework/boot/spring-boot-starter-logging/3.1.5/spring-boot-starter-logging-3.1.5.jar:/Users/antonioroldanandrade/.m2/repository/ch/qos/logback/logback-classic/1.4.11/logback-classic-1.4.11.jar:/Users/antonioroldanandrade/.m2/repository/ch/qos/logback/logback-core/1.4.11/logback-core-1.4.11.jar:/Users/antonioroldanandrade/.m2/repository/org/apache/logging/log4j/log4j-to-slf4j/2.20.0/log4j-to-slf4j-2.20.0.jar:/Users/antonioroldanandrade/.m2/repository/org/apache/logging/log4j/log4j-api/2.20.0/log4j-api-2.20.0.jar:/Users/antonioroldanandrade/.m2/repository/org/slf4j/jul-to-slf4j/2.0.9/jul-to-slf4j-2.0.9.jar:/Users/antonioroldanandrade/.m2/repository/jakarta/annotation/jakarta.annotation-api/2.1.1/jakarta.annotation-api-2.1.1.jar:/Users/antonioroldanandrade/.m2/repository/org/yaml/snakeyaml/1.33/snakeyaml-1.33.jar:/Users/antonioroldanandrade/.m2/repository/org/springframework/spring-context-support/6.0.13/spring-context-support-6.0.13.jar:/Users/antonioroldanandrade/.m2/repository/org/springframework/spring-beans/6.0.13/spring-beans-6.0.13.jar:/Users/antonioroldanandrade/.m2/repository/org/springframework/spring-context/6.0.13/spring-context-6.0.13.jar:/Users/antonioroldanandrade/.m2/repository/org/eclipse/angus/jakarta.mail/1.1.0/jakarta.mail-1.1.0.jar:/Users/antonioroldanandrade/.m2/repository/jakarta/activation/jakarta.activation-api/2.1.2/jakarta.activation-api-2.1.2.jar:/Users/antonioroldanandrade/.m2/repository/org/eclipse/angus/angus-activation/2.0.1/angus-activation-2.0.1.jar:/Users/antonioroldanandrade/.m2/repository/javax/mail/mail/1.4/mail-1.4.jar:/Users/antonioroldanandrade/.m2/repository/javax/activation/activation/1.1/activation-1.1.jar:/Users/antonioroldanandrade/.m2/repository/org/springframework/boot/spring-boot-starter-data-jpa/3.1.5/spring-boot-starter-data-jpa-3.1.5.jar:/Users/antonioroldanandrade/.m2/repository/org/springframework/boot/spring-boot-starter-aop/3.1.5/spring-boot-starter-aop-3.1.5.jar:/Users/antonioroldanandrade/.m2/repository/org/aspectj/aspectjweaver/1.9.20/aspectjweaver-1.9.20.jar:/Users/antonioroldanandrade/.m2/repository/org/springframework/boot/spring-boot-starter-jdbc/3.1.5/spring-boot-starter-jdbc-3.1.5.jar:/Users/antonioroldanandrade/.m2/repository/com/zaxxer/HikariCP/5.0.1/HikariCP-5.0.1.jar:/Users/antonioroldanandrade/.m2/repository/org/springframework/spring-jdbc/6.0.13/spring-jdbc-6.0.13.jar:/Users/antonioroldanandrade/.m2/repository/org/hibernate/orm/hibernate-core/6.2.13.Final/hibernate-core-6.2.13.Final.jar:/Users/antonioroldanandrade/.m2/repository/jakarta/persistence/jakarta.persistence-api/3.1.0/jakarta.persistence-api-3.1.0.jar:/Users/antonioroldanandrade/.m2/repository/jakarta/transaction/jakarta.transaction-api/2.0.1/jakarta.transaction-api-2.0.1.jar:/Users/antonioroldanandrade/.m2/repository/org/jboss/logging/jboss-logging/3.5.3.Final/jboss-logging-3.5.3.Final.jar:/Users/antonioroldanandrade/.m2/repository/org/hibernate/common/hibernate-commons-annotations/6.0.6.Final/hibernate-commons-annotations-6.0.6.Final.jar:/Users/antonioroldanandrade/.m2/repository/io/smallrye/jandex/3.0.5/jandex-3.0.5.jar:/Users/antonioroldanandrade/.m2/repository/com/fasterxml/classmate/1.5.1/classmate-1.5.1.jar:/Users/antonioroldanandrade/.m2/repository/net/bytebuddy/byte-buddy/1.14.9/byte-buddy-1.14.9.jar:/Users/antonioroldanandrade/.m2/repository/org/glassfish/jaxb/jaxb-runtime/4.0.3/jaxb-runtime-4.0.3.jar:/Users/antonioroldanandrade/.m2/repository/org/glassfish/jaxb/jaxb-core/4.0.3/jaxb-core-4.0.3.jar:/Users/antonioroldanandrade/.m2/repository/org/glassfish/jaxb/txw2/4.0.3/txw2-4.0.3.jar:/Users/antonioroldanandrade/.m2/repository/com/sun/istack/istack-commons-runtime/4.1.2/istack-commons-runtime-4.1.2.jar:/Users/antonioroldanandrade/.m2/repository/jakarta/inject/jakarta.inject-api/2.0.1/jakarta.inject-api-2.0.1.jar:/Users/antonioroldanandrade/.m2/repository/org/antlr/antlr4-runtime/4.10.1/antlr4-runtime-4.10.1.jar:/Users/antonioroldanandrade/.m2/repository/org/springframework/data/spring-data-jpa/3.1.5/spring-data-jpa-3.1.5.jar:/Users/antonioroldanandrade/.m2/repository/org/springframework/data/spring-data-commons/3.1.5/spring-data-commons-3.1.5.jar:/Users/antonioroldanandrade/.m2/repository/org/springframework/spring-orm/6.0.13/spring-orm-6.0.13.jar:/Users/antonioroldanandrade/.m2/repository/org/springframework/spring-tx/6.0.13/spring-tx-6.0.13.jar:/Users/antonioroldanandrade/.m2/repository/org/springframework/spring-aspects/6.0.13/spring-aspects-6.0.13.jar:/Users/antonioroldanandrade/.m2/repository/com/vaadin/vaadin-spring-boot-starter/24.2.1/vaadin-spring-boot-starter-24.2.1.jar:/Users/antonioroldanandrade/.m2/repository/com/vaadin/vaadin-spring/24.2.1/vaadin-spring-24.2.1.jar:/Users/antonioroldanandrade/.m2/repository/com/vaadin/flow-server/24.2.1/flow-server-24.2.1.jar:/Users/antonioroldanandrade/.m2/repository/com/vaadin/servletdetector/throw-if-servlet3/1.0.2/throw-if-servlet3-1.0.2.jar:/Users/antonioroldanandrade/.m2/repository/com/vaadin/external/gwt/gwt-elemental/2.8.2.vaadin2/gwt-elemental-2.8.2.vaadin2.jar:/Users/antonioroldanandrade/.m2/repository/org/apache/commons/commons-fileupload2-jakarta/2.0.0-M1/commons-fileupload2-jakarta-2.0.0-M1.jar:/Users/antonioroldanandrade/.m2/repository/org/apache/commons/commons-fileupload2-core/2.0.0-M1/commons-fileupload2-core-2.0.0-M1.jar:/Users/antonioroldanandrade/.m2/repository/commons-io/commons-io/2.13.0/commons-io-2.13.0.jar:/Users/antonioroldanandrade/.m2/repository/com/fasterxml/jackson/datatype/jackson-datatype-jsr310/2.15.3/jackson-datatype-jsr310-2.15.3.jar:/Users/antonioroldanandrade/.m2/repository/org/jsoup/jsoup/1.16.1/jsoup-1.16.1.jar:/Users/antonioroldanandrade/.m2/repository/com/helger/ph-css/7.0.1/ph-css-7.0.1.jar:/Users/antonioroldanandrade/.m2/repository/com/helger/commons/ph-commons/11.1.0/ph-commons-11.1.0.jar:/Users/antonioroldanandrade/.m2/repository/org/ow2/asm/asm/9.5/asm-9.5.jar:/Users/antonioroldanandrade/.m2/repository/com/vaadin/external/gentyref/1.2.0.vaadin1/gentyref-1.2.0.vaadin1.jar:/Users/antonioroldanandrade/.m2/repository/org/apache/commons/commons-compress/1.24.0/commons-compress-1.24.0.jar:/Users/antonioroldanandrade/.m2/repository/com/vaadin/flow-push/24.2.1/flow-push-24.2.1.jar:/Users/antonioroldanandrade/.m2/repository/com/vaadin/external/atmosphere/atmosphere-runtime/3.0.3.slf4jvaadin1/atmosphere-runtime-3.0.3.slf4jvaadin1.jar:/Users/antonioroldanandrade/.m2/repository/com/vaadin/flow-client/24.2.1/flow-client-24.2.1.jar:/Users/antonioroldanandrade/.m2/repository/org/springframework/spring-webmvc/6.0.13/spring-webmvc-6.0.13.jar:/Users/antonioroldanandrade/.m2/repository/org/springframework/spring-websocket/6.0.13/spring-websocket-6.0.13.jar:/Users/antonioroldanandrade/.m2/repository/org/hibernate/validator/hibernate-validator/8.0.1.Final/hibernate-validator-8.0.1.Final.jar:/Users/antonioroldanandrade/.m2/repository/jakarta/validation/jakarta.validation-api/3.0.2/jakarta.validation-api-3.0.2.jar:/Users/antonioroldanandrade/.m2/repository/org/reflections/reflections/0.10.2/reflections-0.10.2.jar:/Users/antonioroldanandrade/.m2/repository/org/javassist/javassist/3.28.0-GA/javassist-3.28.0-GA.jar:/Users/antonioroldanandrade/.m2/repository/com/google/code/findbugs/jsr305/3.0.2/jsr305-3.0.2.jar:/Users/antonioroldanandrade/.m2/repository/com/vaadin/vaadin-core/24.2.1/vaadin-core-24.2.1.jar:/Users/antonioroldanandrade/.m2/repository/com/vaadin/vaadin-core-internal/24.2.1/vaadin-core-internal-24.2.1.jar:/Users/antonioroldanandrade/.m2/repository/com/vaadin/flow-lit-template/24.2.1/flow-lit-template-24.2.1.jar:/Users/antonioroldanandrade/.m2/repository/com/vaadin/flow-html-components/24.2.1/flow-html-components-24.2.1.jar:/Users/antonioroldanandrade/.m2/repository/com/vaadin/flow-data/24.2.1/flow-data-24.2.1.jar:/Users/antonioroldanandrade/.m2/repository/com/vaadin/flow-dnd/24.2.1/flow-dnd-24.2.1.jar:/Users/antonioroldanandrade/.m2/repository/com/vaadin/vaadin-lumo-theme/24.2.1/vaadin-lumo-theme-24.2.1.jar:/Users/antonioroldanandrade/.m2/repository/com/vaadin/vaadin-material-theme/24.2.1/vaadin-material-theme-24.2.1.jar:/Users/antonioroldanandrade/.m2/repository/com/vaadin/vaadin-accordion-flow/24.2.1/vaadin-accordion-flow-24.2.1.jar:/Users/antonioroldanandrade/.m2/repository/com/vaadin/vaadin-avatar-flow/24.2.1/vaadin-avatar-flow-24.2.1.jar:/Users/antonioroldanandrade/.m2/repository/com/vaadin/vaadin-flow-components-base/24.2.1/vaadin-flow-components-base-24.2.1.jar:/Users/antonioroldanandrade/.m2/repository/com/vaadin/vaadin-button-flow/24.2.1/vaadin-button-flow-24.2.1.jar:/Users/antonioroldanandrade/.m2/repository/com/vaadin/vaadin-checkbox-flow/24.2.1/vaadin-checkbox-flow-24.2.1.jar:/Users/antonioroldanandrade/.m2/repository/com/vaadin/vaadin-combo-box-flow/24.2.1/vaadin-combo-box-flow-24.2.1.jar:/Users/antonioroldanandrade/.m2/repository/com/vaadin/vaadin-confirm-dialog-flow/24.2.1/vaadin-confirm-dialog-flow-24.2.1.jar:/Users/antonioroldanandrade/.m2/repository/com/vaadin/vaadin-custom-field-flow/24.2.1/vaadin-custom-field-flow-24.2.1.jar:/Users/antonioroldanandrade/.m2/repository/com/vaadin/vaadin-date-picker-flow/24.2.1/vaadin-date-picker-flow-24.2.1.jar:/Users/antonioroldanandrade/.m2/repository/com/vaadin/vaadin-date-time-picker-flow/24.2.1/vaadin-date-time-picker-flow-24.2.1.jar:/Users/antonioroldanandrade/.m2/repository/com/vaadin/vaadin-details-flow/24.2.1/vaadin-details-flow-24.2.1.jar:/Users/antonioroldanandrade/.m2/repository/com/vaadin/vaadin-time-picker-flow/24.2.1/vaadin-time-picker-flow-24.2.1.jar:/Users/antonioroldanandrade/.m2/repository/com/vaadin/vaadin-select-flow/24.2.1/vaadin-select-flow-24.2.1.jar:/Users/antonioroldanandrade/.m2/repository/com/vaadin/vaadin-side-nav-flow/24.2.1/vaadin-side-nav-flow-24.2.1.jar:/Users/antonioroldanandrade/.m2/repository/com/vaadin/vaadin-dialog-flow/24.2.1/vaadin-dialog-flow-24.2.1.jar:/Users/antonioroldanandrade/.m2/repository/com/vaadin/vaadin-form-layout-flow/24.2.1/vaadin-form-layout-flow-24.2.1.jar:/Users/antonioroldanandrade/.m2/repository/com/vaadin/vaadin-field-highlighter-flow/24.2.1/vaadin-field-highlighter-flow-24.2.1.jar:/Users/antonioroldanandrade/.m2/repository/com/vaadin/vaadin-grid-flow/24.2.1/vaadin-grid-flow-24.2.1.jar:/Users/antonioroldanandrade/.m2/repository/org/apache/commons/commons-lang3/3.12.0/commons-lang3-3.12.0.jar:/Users/antonioroldanandrade/.m2/repository/com/vaadin/vaadin-icons-flow/24.2.1/vaadin-icons-flow-24.2.1.jar:/Users/antonioroldanandrade/.m2/repository/com/vaadin/vaadin-virtual-list-flow/24.2.1/vaadin-virtual-list-flow-24.2.1.jar:/Users/antonioroldanandrade/.m2/repository/com/vaadin/vaadin-list-box-flow/24.2.1/vaadin-list-box-flow-24.2.1.jar:/Users/antonioroldanandrade/.m2/repository/com/vaadin/vaadin-login-flow/24.2.1/vaadin-login-flow-24.2.1.jar:/Users/antonioroldanandrade/.m2/repository/com/vaadin/vaadin-messages-flow/24.2.1/vaadin-messages-flow-24.2.1.jar:/Users/antonioroldanandrade/.m2/repository/com/vaadin/vaadin-ordered-layout-flow/24.2.1/vaadin-ordered-layout-flow-24.2.1.jar:/Users/antonioroldanandrade/.m2/repository/com/vaadin/vaadin-progress-bar-flow/24.2.1/vaadin-progress-bar-flow-24.2.1.jar:/Users/antonioroldanandrade/.m2/repository/com/vaadin/vaadin-radio-button-flow/24.2.1/vaadin-radio-button-flow-24.2.1.jar:/Users/antonioroldanandrade/.m2/repository/com/vaadin/vaadin-renderer-flow/24.2.1/vaadin-renderer-flow-24.2.1.jar:/Users/antonioroldanandrade/.m2/repository/com/vaadin/vaadin-split-layout-flow/24.2.1/vaadin-split-layout-flow-24.2.1.jar:/Users/antonioroldanandrade/.m2/repository/com/vaadin/vaadin-tabs-flow/24.2.1/vaadin-tabs-flow-24.2.1.jar:/Users/antonioroldanandrade/.m2/repository/com/vaadin/vaadin-text-field-flow/24.2.1/vaadin-text-field-flow-24.2.1.jar:/Users/antonioroldanandrade/.m2/repository/com/vaadin/vaadin-upload-flow/24.2.1/vaadin-upload-flow-24.2.1.jar:/Users/antonioroldanandrade/.m2/repository/com/vaadin/vaadin-notification-flow/24.2.1/vaadin-notification-flow-24.2.1.jar:/Users/antonioroldanandrade/.m2/repository/com/vaadin/vaadin-app-layout-flow/24.2.1/vaadin-app-layout-flow-24.2.1.jar:/Users/antonioroldanandrade/.m2/repository/com/vaadin/vaadin-context-menu-flow/24.2.1/vaadin-context-menu-flow-24.2.1.jar:/Users/antonioroldanandrade/.m2/repository/com/vaadin/vaadin-menu-bar-flow/24.2.1/vaadin-menu-bar-flow-24.2.1.jar:/Users/antonioroldanandrade/.m2/repository/com/vaadin/vaadin-dev/24.2.1/vaadin-dev-24.2.1.jar:/Users/antonioroldanandrade/.m2/repository/com/vaadin/vaadin-dev-server/24.2.1/vaadin-dev-server-24.2.1.jar:/Users/antonioroldanandrade/.m2/repository/com/vaadin/license-checker/1.12.3/license-checker-1.12.3.jar:/Users/antonioroldanandrade/.m2/repository/com/github/oshi/oshi-core/6.4.1/oshi-core-6.4.1.jar:/Users/antonioroldanandrade/.m2/repository/net/java/dev/jna/jna/5.13.0/jna-5.13.0.jar:/Users/antonioroldanandrade/.m2/repository/net/java/dev/jna/jna-platform/5.13.0/jna-platform-5.13.0.jar:/Users/antonioroldanandrade/.m2/repository/com/nimbusds/nimbus-jose-jwt/9.31/nimbus-jose-jwt-9.31.jar:/Users/antonioroldanandrade/.m2/repository/org/lucee/jcip-annotations/1.0.0/jcip-annotations-1.0.0.jar:/Users/antonioroldanandrade/.m2/repository/com/vaadin/open/8.5.0/open-8.5.0.jar:/Users/antonioroldanandrade/.m2/repository/com/github/javaparser/javaparser-core/3.25.5/javaparser-core-3.25.5.jar:/Users/antonioroldanandrade/.m2/repository/io/methvin/directory-watcher/0.18.0/directory-watcher-0.18.0.jar:/Users/antonioroldanandrade/.m2/repository/com/vaadin/vaadin-dev-bundle/24.2.1/vaadin-dev-bundle-24.2.1.jar:/Users/antonioroldanandrade/.m2/repository/org/springframework/boot/spring-boot-starter-web/3.1.5/spring-boot-starter-web-3.1.5.jar:/Users/antonioroldanandrade/.m2/repository/org/springframework/boot/spring-boot-starter-json/3.1.5/spring-boot-starter-json-3.1.5.jar:/Users/antonioroldanandrade/.m2/repository/com/fasterxml/jackson/datatype/jackson-datatype-jdk8/2.15.3/jackson-datatype-jdk8-2.15.3.jar:/Users/antonioroldanandrade/.m2/repository/com/fasterxml/jackson/module/jackson-module-parameter-names/2.15.3/jackson-module-parameter-names-2.15.3.jar:/Users/antonioroldanandrade/.m2/repository/org/springframework/boot/spring-boot-starter-tomcat/3.1.5/spring-boot-starter-tomcat-3.1.5.jar:/Users/antonioroldanandrade/.m2/repository/org/apache/tomcat/embed/tomcat-embed-core/10.1.15/tomcat-embed-core-10.1.15.jar:/Users/antonioroldanandrade/.m2/repository/org/apache/tomcat/embed/tomcat-embed-el/10.1.15/tomcat-embed-el-10.1.15.jar:/Users/antonioroldanandrade/.m2/repository/org/apache/tomcat/embed/tomcat-embed-websocket/10.1.15/tomcat-embed-websocket-10.1.15.jar:/Users/antonioroldanandrade/.m2/repository/org/springframework/spring-web/6.0.13/spring-web-6.0.13.jar:/Users/antonioroldanandrade/.m2/repository/io/micrometer/micrometer-observation/1.11.5/micrometer-observation-1.11.5.jar:/Users/antonioroldanandrade/.m2/repository/io/micrometer/micrometer-commons/1.11.5/micrometer-commons-1.11.5.jar:/Users/antonioroldanandrade/.m2/repository/org/springframework/boot/spring-boot-starter-security/3.1.5/spring-boot-starter-security-3.1.5.jar:/Users/antonioroldanandrade/.m2/repository/org/springframework/spring-aop/6.0.13/spring-aop-6.0.13.jar:/Users/antonioroldanandrade/.m2/repository/org/springframework/security/spring-security-config/6.1.5/spring-security-config-6.1.5.jar:/Users/antonioroldanandrade/.m2/repository/org/springframework/security/spring-security-core/6.1.5/spring-security-core-6.1.5.jar:/Users/antonioroldanandrade/.m2/repository/org/springframework/security/spring-security-crypto/6.1.5/spring-security-crypto-6.1.5.jar:/Users/antonioroldanandrade/.m2/repository/org/springframework/security/spring-security-web/6.1.5/spring-security-web-6.1.5.jar:/Users/antonioroldanandrade/.m2/repository/org/springframework/spring-expression/6.0.13/spring-expression-6.0.13.jar:/Users/antonioroldanandrade/.m2/repository/org/springframework/boot/spring-boot-devtools/3.1.5/spring-boot-devtools-3.1.5.jar:/Users/antonioroldanandrade/.m2/repository/org/springframework/boot/spring-boot/3.1.5/spring-boot-3.1.5.jar:/Users/antonioroldanandrade/.m2/repository/org/springframework/boot/spring-boot-autoconfigure/3.1.5/spring-boot-autoconfigure-3.1.5.jar:/Users/antonioroldanandrade/.m2/repository/org/projectlombok/lombok/1.18.30/lombok-1.18.30.jar:/Users/antonioroldanandrade/.m2/repository/org/springframework/boot/spring-boot-starter-test/3.1.5/spring-boot-starter-test-3.1.5.jar:/Users/antonioroldanandrade/.m2/repository/org/springframework/boot/spring-boot-test/3.1.5/spring-boot-test-3.1.5.jar:/Users/antonioroldanandrade/.m2/repository/org/springframework/boot/spring-boot-test-autoconfigure/3.1.5/spring-boot-test-autoconfigure-3.1.5.jar:/Users/antonioroldanandrade/.m2/repository/com/jayway/jsonpath/json-path/2.8.0/json-path-2.8.0.jar:/Users/antonioroldanandrade/.m2/repository/jakarta/xml/bind/jakarta.xml.bind-api/4.0.1/jakarta.xml.bind-api-4.0.1.jar:/Users/antonioroldanandrade/.m2/repository/net/minidev/json-smart/2.4.11/json-smart-2.4.11.jar:/Users/antonioroldanandrade/.m2/repository/net/minidev/accessors-smart/2.4.11/accessors-smart-2.4.11.jar:/Users/antonioroldanandrade/.m2/repository/org/assertj/assertj-core/3.24.2/assertj-core-3.24.2.jar:/Users/antonioroldanandrade/.m2/repository/org/hamcrest/hamcrest/2.2/hamcrest-2.2.jar:/Users/antonioroldanandrade/.m2/repository/org/junit/jupiter/junit-jupiter/5.9.3/junit-jupiter-5.9.3.jar:/Users/antonioroldanandrade/.m2/repository/org/junit/jupiter/junit-jupiter-api/5.9.3/junit-jupiter-api-5.9.3.jar:/Users/antonioroldanandrade/.m2/repository/org/opentest4j/opentest4j/1.2.0/opentest4j-1.2.0.jar:/Users/antonioroldanandrade/.m2/repository/org/junit/platform/junit-platform-commons/1.9.3/junit-platform-commons-1.9.3.jar:/Users/antonioroldanandrade/.m2/repository/org/apiguardian/apiguardian-api/1.1.2/apiguardian-api-1.1.2.jar:/Users/antonioroldanandrade/.m2/repository/org/junit/jupiter/junit-jupiter-params/5.9.3/junit-jupiter-params-5.9.3.jar:/Users/antonioroldanandrade/.m2/repository/org/junit/jupiter/junit-jupiter-engine/5.9.3/junit-jupiter-engine-5.9.3.jar:/Users/antonioroldanandrade/.m2/repository/org/junit/platform/junit-platform-engine/1.9.3/junit-platform-engine-1.9.3.jar:/Users/antonioroldanandrade/.m2/repository/org/mockito/mockito-core/5.3.1/mockito-core-5.3.1.jar:/Users/antonioroldanandrade/.m2/repository/net/bytebuddy/byte-buddy-agent/1.14.9/byte-buddy-agent-1.14.9.jar:/Users/antonioroldanandrade/.m2/repository/org/objenesis/objenesis/3.3/objenesis-3.3.jar:/Users/antonioroldanandrade/.m2/repository/org/mockito/mockito-junit-jupiter/5.3.1/mockito-junit-jupiter-5.3.1.jar:/Users/antonioroldanandrade/.m2/repository/org/skyscreamer/jsonassert/1.5.1/jsonassert-1.5.1.jar:/Users/antonioroldanandrade/.m2/repository/com/vaadin/external/google/android-json/0.0.20131108.vaadin1/android-json-0.0.20131108.vaadin1.jar:/Users/antonioroldanandrade/.m2/repository/org/springframework/spring-core/6.0.13/spring-core-6.0.13.jar:/Users/antonioroldanandrade/.m2/repository/org/springframework/spring-jcl/6.0.13/spring-jcl-6.0.13.jar:/Users/antonioroldanandrade/.m2/repository/org/springframework/spring-test/6.0.13/spring-test-6.0.13.jar:/Users/antonioroldanandrade/.m2/repository/org/xmlunit/xmlunit-core/2.9.1/xmlunit-core-2.9.1.jar:/Users/antonioroldanandrade/.m2/repository/mysql/mysql-connector-java/8.0.27/mysql-connector-java-8.0.27.jar:/Users/antonioroldanandrade/.m2/repository/com/google/protobuf/protobuf-java/3.11.4/protobuf-java-3.11.4.jar:/Users/antonioroldanandrade/.m2/repository/com/fasterxml/jackson/core/jackson-databind/2.15.3/jackson-databind-2.15.3.jar:/Users/antonioroldanandrade/.m2/repository/com/fasterxml/jackson/core/jackson-annotations/2.15.3/jackson-annotations-2.15.3.jar:/Users/antonioroldanandrade/.m2/repository/com/fasterxml/jackson/core/jackson-core/2.15.3/jackson-core-2.15.3.jar:/Users/antonioroldanandrade/.m2/repository/org/postgresql/postgresql/42.6.0/postgresql-42.6.0.jar:/Users/antonioroldanandrade/.m2/repository/org/checkerframework/checker-qual/3.31.0/checker-qual-3.31.0.jar:"/>
    <property name="sun.cpu.endian" value="little"/>
    <property name="user.home" value="/Users/antonioroldanandrade"/>
    <property name="user.language" value="es"/>
    <property name="java.specification.vendor" value="Oracle Corporation"/>
    <property name="java.version.date" value="2023-10-17"/>
    <property name="java.home" value="/opt/homebrew/Cellar/openjdk/21.0.1/libexec/openjdk.jdk/Contents/Home"/>
    <property name="file.separator" value="/"/>
    <property name="basedir" value="/Users/antonioroldanandrade/Documents/IW2023-2024-OMW"/>
    <property name="java.vm.compressedOopsMode" value="Zero based"/>
    <property name="line.separator" value="&#10;"/>
    <property name="java.vm.specification.vendor" value="Oracle Corporation"/>
    <property name="java.specification.name" value="Java Platform API Specification"/>
    <property name="FILE_LOG_CHARSET" value="UTF-8"/>
    <property name="java.awt.headless" value="true"/>
    <property name="apple.awt.application.name" value="ForkedBooter"/>
    <property name="surefire.real.class.path" value="/Users/antonioroldanandrade/Documents/IW2023-2024-OMW/target/surefire/surefirebooter-20240109200642805_3.jar"/>
    <property name="sun.management.compiler" value="HotSpot 64-Bit Tiered Compilers"/>
    <property name="java.runtime.version" value="21.0.1"/>
    <property name="user.name" value="antonioroldanandrade"/>
    <property name="stdout.encoding" value="UTF-8"/>
    <property name="path.separator" value=":"/>
    <property name="os.version" value="14.2.1"/>
    <property name="java.runtime.name" value="OpenJDK Runtime Environment"/>
    <property name="file.encoding" value="UTF-8"/>
    <property name="java.vm.name" value="OpenJDK 64-Bit Server VM"/>
    <property name="java.vendor.version" value="Homebrew"/>
    <property name="localRepository" value="/Users/antonioroldanandrade/.m2/repository"/>
    <property name="java.vendor.url.bug" value="https://github.com/Homebrew/homebrew-core/issues"/>
    <property name="java.io.tmpdir" value="/var/folders/lm/25ng1rbd36sdj_12ygf5_1_w0000gn/T/"/>
    <property name="java.version" value="21.0.1"/>
    <property name="user.dir" value="/Users/antonioroldanandrade/Documents/IW2023-2024-OMW"/>
    <property name="os.arch" value="aarch64"/>
    <property name="java.vm.specification.name" value="Java Virtual Machine Specification"/>
    <property name="PID" value="94949"/>
    <property name="CONSOLE_LOG_CHARSET" value="UTF-8"/>
    <property name="native.encoding" value="UTF-8"/>
    <property name="java.library.path" value="/Users/antonioroldanandrade/Library/Java/Extensions:/Library/Java/Extensions:/Network/Library/Java/Extensions:/System/Library/Java/Extensions:/usr/lib/java:."/>
    <property name="java.vm.info" value="mixed mode, sharing"/>
    <property name="stderr.encoding" value="UTF-8"/>
    <property name="java.vendor" value="Homebrew"/>
    <property name="java.vm.version" value="21.0.1"/>
    <property name="sun.io.unicode.encoding" value="UnicodeBig"/>
    <property name="java.class.version" value="65.0"/>
  </properties>
  <testcase name="testGetDepartamentoByUUID" classname="DepartamentoServiceTest" time="0.102">
    <system-out><![CDATA[20:06:43.704 [main] INFO org.springframework.boot.devtools.restart.RestartApplicationListener -- Restart disabled due to context in which it is running

  .   ____          _            __ _ _
 /\\ / ___'_ __ _ _(_)_ __  __ _ \ \ \ \
( ( )\___ | '_ | '_| | '_ \/ _` | \ \ \ \
 \\/  ___)| |_)| | | | | || (_| |  ) ) ) )
  '  |____| .__|_| |_|_| |_\__, | / / / /
 =========|_|==============|___/=/_/_/_/
 :: Spring Boot ::                (v3.1.5)

2024-01-09T20:06:43.931+01:00  INFO 94949 --- [           main] DepartamentoServiceTest                  : Starting DepartamentoServiceTest using Java 21.0.1 with PID 94949 (started by antonioroldanandrade in /Users/antonioroldanandrade/Documents/IW2023-2024-OMW)
2024-01-09T20:06:43.933+01:00  INFO 94949 --- [           main] DepartamentoServiceTest                  : No active profile set, falling back to 1 default profile: "default"
2024-01-09T20:06:47.110+01:00  INFO 94949 --- [           main] DepartamentoServiceTest                  : Started DepartamentoServiceTest in 3.413 seconds (process running for 4.216)
]]></system-out>
    <system-err><![CDATA[WARNING: A Java agent has been loaded dynamically (/Users/antonioroldanandrade/.m2/repository/net/bytebuddy/byte-buddy-agent/1.14.9/byte-buddy-agent-1.14.9.jar)
WARNING: If a serviceability tool is in use, please run with -XX:+EnableDynamicAgentLoading to hide this warning
WARNING: If a serviceability tool is not in use, please run with -Djdk.instrument.traceUsage for more information
WARNING: Dynamic loading of agents will be disallowed by default in a future release
]]></system-err>
  </testcase>
  <testcase name="testSetNombreDepartamento" classname="DepartamentoServiceTest" time="0.01"/>
  <testcase name="testAddDepartamento" classname="DepartamentoServiceTest" time="0.006"/>
  <testcase name="testGetAllDepartamento" classname="DepartamentoServiceTest" time="0.005"/>
  <testcase name="testGetNombresDepartamentos" classname="DepartamentoServiceTest" time="0.007"/>
  <testcase name="testGetDepartamentoByNombre" classname="DepartamentoServiceTest" time="0.014"/>
</testsuite>