<?xml version="1.0" encoding="UTF-8"?>
<testsuite xmlns:xsi="http://www.w3.org/2001/XMLSchema-instance" xsi:noNamespaceSchemaLocation="https://maven.apache.org/surefire/maven-surefire-plugin/xsd/surefire-test-report-3.0.xsd" version="3.0" name="com.IWPhone.IwBankApplicationTests" time="11.524" tests="1" errors="0" skipped="0" failures="0">
  <properties>
    <property name="java.specification.version" value="21"/>
    <property name="sun.cpu.isalist" value="amd64"/>
    <property name="sun.jnu.encoding" value="Cp1252"/>
    <property name="java.class.path" value="C:\Users\alvar\Documentos\GitHub\IW2023-2024-OMW\target\test-classes;C:\Users\alvar\Documentos\GitHub\IW2023-2024-OMW\target\classes;C:\Users\alvar\.m2\repository\com\h2database\h2\2.1.214\h2-2.1.214.jar;C:\Users\alvar\.m2\repository\org\springframework\boot\spring-boot-starter-mail\3.1.5\spring-boot-starter-mail-3.1.5.jar;C:\Users\alvar\.m2\repository\org\springframework\boot\spring-boot-starter\3.1.5\spring-boot-starter-3.1.5.jar;C:\Users\alvar\.m2\repository\org\springframework\boot\spring-boot-starter-logging\3.1.5\spring-boot-starter-logging-3.1.5.jar;C:\Users\alvar\.m2\repository\ch\qos\logback\logback-classic\1.4.11\logback-classic-1.4.11.jar;C:\Users\alvar\.m2\repository\ch\qos\logback\logback-core\1.4.11\logback-core-1.4.11.jar;C:\Users\alvar\.m2\repository\org\apache\logging\log4j\log4j-to-slf4j\2.20.0\log4j-to-slf4j-2.20.0.jar;C:\Users\alvar\.m2\repository\org\apache\logging\log4j\log4j-api\2.20.0\log4j-api-2.20.0.jar;C:\Users\alvar\.m2\repository\org\slf4j\jul-to-slf4j\2.0.9\jul-to-slf4j-2.0.9.jar;C:\Users\alvar\.m2\repository\jakarta\annotation\jakarta.annotation-api\2.1.1\jakarta.annotation-api-2.1.1.jar;C:\Users\alvar\.m2\repository\org\yaml\snakeyaml\1.33\snakeyaml-1.33.jar;C:\Users\alvar\.m2\repository\org\springframework\spring-context-support\6.0.13\spring-context-support-6.0.13.jar;C:\Users\alvar\.m2\repository\org\springframework\spring-beans\6.0.13\spring-beans-6.0.13.jar;C:\Users\alvar\.m2\repository\org\springframework\spring-context\6.0.13\spring-context-6.0.13.jar;C:\Users\alvar\.m2\repository\org\eclipse\angus\jakarta.mail\1.1.0\jakarta.mail-1.1.0.jar;C:\Users\alvar\.m2\repository\jakarta\activation\jakarta.activation-api\2.1.2\jakarta.activation-api-2.1.2.jar;C:\Users\alvar\.m2\repository\org\eclipse\angus\angus-activation\2.0.1\angus-activation-2.0.1.jar;C:\Users\alvar\.m2\repository\javax\mail\mail\1.4\mail-1.4.jar;C:\Users\alvar\.m2\repository\javax\activation\activation\1.1\activation-1.1.jar;C:\Users\alvar\.m2\repository\org\springframework\boot\spring-boot-starter-data-jpa\3.1.5\spring-boot-starter-data-jpa-3.1.5.jar;C:\Users\alvar\.m2\repository\org\springframework\boot\spring-boot-starter-aop\3.1.5\spring-boot-starter-aop-3.1.5.jar;C:\Users\alvar\.m2\repository\org\aspectj\aspectjweaver\1.9.20\aspectjweaver-1.9.20.jar;C:\Users\alvar\.m2\repository\org\springframework\boot\spring-boot-starter-jdbc\3.1.5\spring-boot-starter-jdbc-3.1.5.jar;C:\Users\alvar\.m2\repository\com\zaxxer\HikariCP\5.0.1\HikariCP-5.0.1.jar;C:\Users\alvar\.m2\repository\org\springframework\spring-jdbc\6.0.13\spring-jdbc-6.0.13.jar;C:\Users\alvar\.m2\repository\org\hibernate\orm\hibernate-core\6.2.13.Final\hibernate-core-6.2.13.Final.jar;C:\Users\alvar\.m2\repository\jakarta\persistence\jakarta.persistence-api\3.1.0\jakarta.persistence-api-3.1.0.jar;C:\Users\alvar\.m2\repository\jakarta\transaction\jakarta.transaction-api\2.0.1\jakarta.transaction-api-2.0.1.jar;C:\Users\alvar\.m2\repository\org\jboss\logging\jboss-logging\3.5.3.Final\jboss-logging-3.5.3.Final.jar;C:\Users\alvar\.m2\repository\org\hibernate\common\hibernate-commons-annotations\6.0.6.Final\hibernate-commons-annotations-6.0.6.Final.jar;C:\Users\alvar\.m2\repository\io\smallrye\jandex\3.0.5\jandex-3.0.5.jar;C:\Users\alvar\.m2\repository\com\fasterxml\classmate\1.5.1\classmate-1.5.1.jar;C:\Users\alvar\.m2\repository\net\bytebuddy\byte-buddy\1.14.9\byte-buddy-1.14.9.jar;C:\Users\alvar\.m2\repository\org\glassfish\jaxb\jaxb-runtime\4.0.3\jaxb-runtime-4.0.3.jar;C:\Users\alvar\.m2\repository\org\glassfish\jaxb\jaxb-core\4.0.3\jaxb-core-4.0.3.jar;C:\Users\alvar\.m2\repository\org\glassfish\jaxb\txw2\4.0.3\txw2-4.0.3.jar;C:\Users\alvar\.m2\repository\com\sun\istack\istack-commons-runtime\4.1.2\istack-commons-runtime-4.1.2.jar;C:\Users\alvar\.m2\repository\jakarta\inject\jakarta.inject-api\2.0.1\jakarta.inject-api-2.0.1.jar;C:\Users\alvar\.m2\repository\org\antlr\antlr4-runtime\4.10.1\antlr4-runtime-4.10.1.jar;C:\Users\alvar\.m2\repository\org\springframework\data\spring-data-jpa\3.1.5\spring-data-jpa-3.1.5.jar;C:\Users\alvar\.m2\repository\org\springframework\data\spring-data-commons\3.1.5\spring-data-commons-3.1.5.jar;C:\Users\alvar\.m2\repository\org\springframework\spring-orm\6.0.13\spring-orm-6.0.13.jar;C:\Users\alvar\.m2\repository\org\springframework\spring-tx\6.0.13\spring-tx-6.0.13.jar;C:\Users\alvar\.m2\repository\org\slf4j\slf4j-api\2.0.9\slf4j-api-2.0.9.jar;C:\Users\alvar\.m2\repository\org\springframework\spring-aspects\6.0.13\spring-aspects-6.0.13.jar;C:\Users\alvar\.m2\repository\com\vaadin\vaadin-spring-boot-starter\24.2.1\vaadin-spring-boot-starter-24.2.1.jar;C:\Users\alvar\.m2\repository\com\vaadin\vaadin-spring\24.2.1\vaadin-spring-24.2.1.jar;C:\Users\alvar\.m2\repository\com\vaadin\flow-server\24.2.1\flow-server-24.2.1.jar;C:\Users\alvar\.m2\repository\com\vaadin\servletdetector\throw-if-servlet3\1.0.2\throw-if-servlet3-1.0.2.jar;C:\Users\alvar\.m2\repository\com\vaadin\external\gwt\gwt-elemental\2.8.2.vaadin2\gwt-elemental-2.8.2.vaadin2.jar;C:\Users\alvar\.m2\repository\org\apache\commons\commons-fileupload2-jakarta\2.0.0-M1\commons-fileupload2-jakarta-2.0.0-M1.jar;C:\Users\alvar\.m2\repository\org\apache\commons\commons-fileupload2-core\2.0.0-M1\commons-fileupload2-core-2.0.0-M1.jar;C:\Users\alvar\.m2\repository\commons-io\commons-io\2.13.0\commons-io-2.13.0.jar;C:\Users\alvar\.m2\repository\com\fasterxml\jackson\core\jackson-core\2.15.3\jackson-core-2.15.3.jar;C:\Users\alvar\.m2\repository\com\fasterxml\jackson\core\jackson-databind\2.15.3\jackson-databind-2.15.3.jar;C:\Users\alvar\.m2\repository\com\fasterxml\jackson\core\jackson-annotations\2.15.3\jackson-annotations-2.15.3.jar;C:\Users\alvar\.m2\repository\com\fasterxml\jackson\datatype\jackson-datatype-jsr310\2.15.3\jackson-datatype-jsr310-2.15.3.jar;C:\Users\alvar\.m2\repository\org\jsoup\jsoup\1.16.1\jsoup-1.16.1.jar;C:\Users\alvar\.m2\repository\com\helger\ph-css\7.0.1\ph-css-7.0.1.jar;C:\Users\alvar\.m2\repository\com\helger\commons\ph-commons\11.1.0\ph-commons-11.1.0.jar;C:\Users\alvar\.m2\repository\org\ow2\asm\asm\9.5\asm-9.5.jar;C:\Users\alvar\.m2\repository\com\vaadin\external\gentyref\1.2.0.vaadin1\gentyref-1.2.0.vaadin1.jar;C:\Users\alvar\.m2\repository\org\apache\commons\commons-compress\1.24.0\commons-compress-1.24.0.jar;C:\Users\alvar\.m2\repository\com\vaadin\flow-push\24.2.1\flow-push-24.2.1.jar;C:\Users\alvar\.m2\repository\com\vaadin\external\atmosphere\atmosphere-runtime\3.0.3.slf4jvaadin1\atmosphere-runtime-3.0.3.slf4jvaadin1.jar;C:\Users\alvar\.m2\repository\com\vaadin\flow-client\24.2.1\flow-client-24.2.1.jar;C:\Users\alvar\.m2\repository\org\springframework\spring-webmvc\6.0.13\spring-webmvc-6.0.13.jar;C:\Users\alvar\.m2\repository\org\springframework\spring-websocket\6.0.13\spring-websocket-6.0.13.jar;C:\Users\alvar\.m2\repository\org\hibernate\validator\hibernate-validator\8.0.1.Final\hibernate-validator-8.0.1.Final.jar;C:\Users\alvar\.m2\repository\jakarta\validation\jakarta.validation-api\3.0.2\jakarta.validation-api-3.0.2.jar;C:\Users\alvar\.m2\repository\org\reflections\reflections\0.10.2\reflections-0.10.2.jar;C:\Users\alvar\.m2\repository\org\javassist\javassist\3.28.0-GA\javassist-3.28.0-GA.jar;C:\Users\alvar\.m2\repository\com\google\code\findbugs\jsr305\3.0.2\jsr305-3.0.2.jar;C:\Users\alvar\.m2\repository\com\vaadin\vaadin-core\24.2.1\vaadin-core-24.2.1.jar;C:\Users\alvar\.m2\repository\com\vaadin\vaadin-core-internal\24.2.1\vaadin-core-internal-24.2.1.jar;C:\Users\alvar\.m2\repository\com\vaadin\flow-lit-template\24.2.1\flow-lit-template-24.2.1.jar;C:\Users\alvar\.m2\repository\com\vaadin\flow-html-components\24.2.1\flow-html-components-24.2.1.jar;C:\Users\alvar\.m2\repository\com\vaadin\flow-data\24.2.1\flow-data-24.2.1.jar;C:\Users\alvar\.m2\repository\com\vaadin\flow-dnd\24.2.1\flow-dnd-24.2.1.jar;C:\Users\alvar\.m2\repository\com\vaadin\vaadin-lumo-theme\24.2.1\vaadin-lumo-theme-24.2.1.jar;C:\Users\alvar\.m2\repository\com\vaadin\vaadin-material-theme\24.2.1\vaadin-material-theme-24.2.1.jar;C:\Users\alvar\.m2\repository\com\vaadin\vaadin-accordion-flow\24.2.1\vaadin-accordion-flow-24.2.1.jar;C:\Users\alvar\.m2\repository\com\vaadin\vaadin-avatar-flow\24.2.1\vaadin-avatar-flow-24.2.1.jar;C:\Users\alvar\.m2\repository\com\vaadin\vaadin-flow-components-base\24.2.1\vaadin-flow-components-base-24.2.1.jar;C:\Users\alvar\.m2\repository\com\vaadin\vaadin-button-flow\24.2.1\vaadin-button-flow-24.2.1.jar;C:\Users\alvar\.m2\repository\com\vaadin\vaadin-checkbox-flow\24.2.1\vaadin-checkbox-flow-24.2.1.jar;C:\Users\alvar\.m2\repository\com\vaadin\vaadin-combo-box-flow\24.2.1\vaadin-combo-box-flow-24.2.1.jar;C:\Users\alvar\.m2\repository\com\vaadin\vaadin-confirm-dialog-flow\24.2.1\vaadin-confirm-dialog-flow-24.2.1.jar;C:\Users\alvar\.m2\repository\com\vaadin\vaadin-custom-field-flow\24.2.1\vaadin-custom-field-flow-24.2.1.jar;C:\Users\alvar\.m2\repository\com\vaadin\vaadin-date-picker-flow\24.2.1\vaadin-date-picker-flow-24.2.1.jar;C:\Users\alvar\.m2\repository\com\vaadin\vaadin-date-time-picker-flow\24.2.1\vaadin-date-time-picker-flow-24.2.1.jar;C:\Users\alvar\.m2\repository\com\vaadin\vaadin-details-flow\24.2.1\vaadin-details-flow-24.2.1.jar;C:\Users\alvar\.m2\repository\com\vaadin\vaadin-time-picker-flow\24.2.1\vaadin-time-picker-flow-24.2.1.jar;C:\Users\alvar\.m2\repository\com\vaadin\vaadin-select-flow\24.2.1\vaadin-select-flow-24.2.1.jar;C:\Users\alvar\.m2\repository\com\vaadin\vaadin-side-nav-flow\24.2.1\vaadin-side-nav-flow-24.2.1.jar;C:\Users\alvar\.m2\repository\com\vaadin\vaadin-dialog-flow\24.2.1\vaadin-dialog-flow-24.2.1.jar;C:\Users\alvar\.m2\repository\com\vaadin\vaadin-form-layout-flow\24.2.1\vaadin-form-layout-flow-24.2.1.jar;C:\Users\alvar\.m2\repository\com\vaadin\vaadin-field-highlighter-flow\24.2.1\vaadin-field-highlighter-flow-24.2.1.jar;C:\Users\alvar\.m2\repository\com\vaadin\vaadin-grid-flow\24.2.1\vaadin-grid-flow-24.2.1.jar;C:\Users\alvar\.m2\repository\org\apache\commons\commons-lang3\3.12.0\commons-lang3-3.12.0.jar;C:\Users\alvar\.m2\repository\com\vaadin\vaadin-icons-flow\24.2.1\vaadin-icons-flow-24.2.1.jar;C:\Users\alvar\.m2\repository\com\vaadin\vaadin-virtual-list-flow\24.2.1\vaadin-virtual-list-flow-24.2.1.jar;C:\Users\alvar\.m2\repository\com\vaadin\vaadin-list-box-flow\24.2.1\vaadin-list-box-flow-24.2.1.jar;C:\Users\alvar\.m2\repository\com\vaadin\vaadin-login-flow\24.2.1\vaadin-login-flow-24.2.1.jar;C:\Users\alvar\.m2\repository\com\vaadin\vaadin-messages-flow\24.2.1\vaadin-messages-flow-24.2.1.jar;C:\Users\alvar\.m2\repository\com\vaadin\vaadin-ordered-layout-flow\24.2.1\vaadin-ordered-layout-flow-24.2.1.jar;C:\Users\alvar\.m2\repository\com\vaadin\vaadin-progress-bar-flow\24.2.1\vaadin-progress-bar-flow-24.2.1.jar;C:\Users\alvar\.m2\repository\com\vaadin\vaadin-radio-button-flow\24.2.1\vaadin-radio-button-flow-24.2.1.jar;C:\Users\alvar\.m2\repository\com\vaadin\vaadin-renderer-flow\24.2.1\vaadin-renderer-flow-24.2.1.jar;C:\Users\alvar\.m2\repository\com\vaadin\vaadin-split-layout-flow\24.2.1\vaadin-split-layout-flow-24.2.1.jar;C:\Users\alvar\.m2\repository\com\vaadin\vaadin-tabs-flow\24.2.1\vaadin-tabs-flow-24.2.1.jar;C:\Users\alvar\.m2\repository\com\vaadin\vaadin-text-field-flow\24.2.1\vaadin-text-field-flow-24.2.1.jar;C:\Users\alvar\.m2\repository\com\vaadin\vaadin-upload-flow\24.2.1\vaadin-upload-flow-24.2.1.jar;C:\Users\alvar\.m2\repository\com\vaadin\vaadin-notification-flow\24.2.1\vaadin-notification-flow-24.2.1.jar;C:\Users\alvar\.m2\repository\com\vaadin\vaadin-app-layout-flow\24.2.1\vaadin-app-layout-flow-24.2.1.jar;C:\Users\alvar\.m2\repository\com\vaadin\vaadin-context-menu-flow\24.2.1\vaadin-context-menu-flow-24.2.1.jar;C:\Users\alvar\.m2\repository\com\vaadin\vaadin-menu-bar-flow\24.2.1\vaadin-menu-bar-flow-24.2.1.jar;C:\Users\alvar\.m2\repository\com\vaadin\vaadin-dev\24.2.1\vaadin-dev-24.2.1.jar;C:\Users\alvar\.m2\repository\com\vaadin\vaadin-dev-server\24.2.1\vaadin-dev-server-24.2.1.jar;C:\Users\alvar\.m2\repository\com\vaadin\license-checker\1.12.3\license-checker-1.12.3.jar;C:\Users\alvar\.m2\repository\com\github\oshi\oshi-core\6.4.1\oshi-core-6.4.1.jar;C:\Users\alvar\.m2\repository\net\java\dev\jna\jna\5.13.0\jna-5.13.0.jar;C:\Users\alvar\.m2\repository\net\java\dev\jna\jna-platform\5.13.0\jna-platform-5.13.0.jar;C:\Users\alvar\.m2\repository\com\nimbusds\nimbus-jose-jwt\9.31\nimbus-jose-jwt-9.31.jar;C:\Users\alvar\.m2\repository\org\lucee\jcip-annotations\1.0.0\jcip-annotations-1.0.0.jar;C:\Users\alvar\.m2\repository\com\vaadin\open\8.5.0\open-8.5.0.jar;C:\Users\alvar\.m2\repository\com\github\javaparser\javaparser-core\3.25.5\javaparser-core-3.25.5.jar;C:\Users\alvar\.m2\repository\io\methvin\directory-watcher\0.18.0\directory-watcher-0.18.0.jar;C:\Users\alvar\.m2\repository\com\vaadin\vaadin-dev-bundle\24.2.1\vaadin-dev-bundle-24.2.1.jar;C:\Users\alvar\.m2\repository\org\springframework\boot\spring-boot-starter-web\3.1.5\spring-boot-starter-web-3.1.5.jar;C:\Users\alvar\.m2\repository\org\springframework\boot\spring-boot-starter-json\3.1.5\spring-boot-starter-json-3.1.5.jar;C:\Users\alvar\.m2\repository\com\fasterxml\jackson\datatype\jackson-datatype-jdk8\2.15.3\jackson-datatype-jdk8-2.15.3.jar;C:\Users\alvar\.m2\repository\com\fasterxml\jackson\module\jackson-module-parameter-names\2.15.3\jackson-module-parameter-names-2.15.3.jar;C:\Users\alvar\.m2\repository\org\springframework\boot\spring-boot-starter-tomcat\3.1.5\spring-boot-starter-tomcat-3.1.5.jar;C:\Users\alvar\.m2\repository\org\apache\tomcat\embed\tomcat-embed-core\10.1.15\tomcat-embed-core-10.1.15.jar;C:\Users\alvar\.m2\repository\org\apache\tomcat\embed\tomcat-embed-el\10.1.15\tomcat-embed-el-10.1.15.jar;C:\Users\alvar\.m2\repository\org\apache\tomcat\embed\tomcat-embed-websocket\10.1.15\tomcat-embed-websocket-10.1.15.jar;C:\Users\alvar\.m2\repository\org\springframework\spring-web\6.0.13\spring-web-6.0.13.jar;C:\Users\alvar\.m2\repository\io\micrometer\micrometer-observation\1.11.5\micrometer-observation-1.11.5.jar;C:\Users\alvar\.m2\repository\io\micrometer\micrometer-commons\1.11.5\micrometer-commons-1.11.5.jar;C:\Users\alvar\.m2\repository\org\springframework\boot\spring-boot-starter-security\3.1.5\spring-boot-starter-security-3.1.5.jar;C:\Users\alvar\.m2\repository\org\springframework\spring-aop\6.0.13\spring-aop-6.0.13.jar;C:\Users\alvar\.m2\repository\org\springframework\security\spring-security-config\6.1.5\spring-security-config-6.1.5.jar;C:\Users\alvar\.m2\repository\org\springframework\security\spring-security-core\6.1.5\spring-security-core-6.1.5.jar;C:\Users\alvar\.m2\repository\org\springframework\security\spring-security-crypto\6.1.5\spring-security-crypto-6.1.5.jar;C:\Users\alvar\.m2\repository\org\springframework\security\spring-security-web\6.1.5\spring-security-web-6.1.5.jar;C:\Users\alvar\.m2\repository\org\springframework\spring-expression\6.0.13\spring-expression-6.0.13.jar;C:\Users\alvar\.m2\repository\org\springframework\boot\spring-boot-devtools\3.1.5\spring-boot-devtools-3.1.5.jar;C:\Users\alvar\.m2\repository\org\springframework\boot\spring-boot\3.1.5\spring-boot-3.1.5.jar;C:\Users\alvar\.m2\repository\org\springframework\boot\spring-boot-autoconfigure\3.1.5\spring-boot-autoconfigure-3.1.5.jar;C:\Users\alvar\.m2\repository\org\projectlombok\lombok\1.18.30\lombok-1.18.30.jar;C:\Users\alvar\.m2\repository\org\springframework\boot\spring-boot-starter-test\3.1.5\spring-boot-starter-test-3.1.5.jar;C:\Users\alvar\.m2\repository\org\springframework\boot\spring-boot-test\3.1.5\spring-boot-test-3.1.5.jar;C:\Users\alvar\.m2\repository\org\springframework\boot\spring-boot-test-autoconfigure\3.1.5\spring-boot-test-autoconfigure-3.1.5.jar;C:\Users\alvar\.m2\repository\com\jayway\jsonpath\json-path\2.8.0\json-path-2.8.0.jar;C:\Users\alvar\.m2\repository\jakarta\xml\bind\jakarta.xml.bind-api\4.0.1\jakarta.xml.bind-api-4.0.1.jar;C:\Users\alvar\.m2\repository\net\minidev\json-smart\2.4.11\json-smart-2.4.11.jar;C:\Users\alvar\.m2\repository\net\minidev\accessors-smart\2.4.11\accessors-smart-2.4.11.jar;C:\Users\alvar\.m2\repository\org\assertj\assertj-core\3.24.2\assertj-core-3.24.2.jar;C:\Users\alvar\.m2\repository\org\hamcrest\hamcrest\2.2\hamcrest-2.2.jar;C:\Users\alvar\.m2\repository\org\junit\jupiter\junit-jupiter\5.9.3\junit-jupiter-5.9.3.jar;C:\Users\alvar\.m2\repository\org\junit\jupiter\junit-jupiter-api\5.9.3\junit-jupiter-api-5.9.3.jar;C:\Users\alvar\.m2\repository\org\opentest4j\opentest4j\1.2.0\opentest4j-1.2.0.jar;C:\Users\alvar\.m2\repository\org\junit\platform\junit-platform-commons\1.9.3\junit-platform-commons-1.9.3.jar;C:\Users\alvar\.m2\repository\org\apiguardian\apiguardian-api\1.1.2\apiguardian-api-1.1.2.jar;C:\Users\alvar\.m2\repository\org\junit\jupiter\junit-jupiter-params\5.9.3\junit-jupiter-params-5.9.3.jar;C:\Users\alvar\.m2\repository\org\junit\jupiter\junit-jupiter-engine\5.9.3\junit-jupiter-engine-5.9.3.jar;C:\Users\alvar\.m2\repository\org\junit\platform\junit-platform-engine\1.9.3\junit-platform-engine-1.9.3.jar;C:\Users\alvar\.m2\repository\org\mockito\mockito-core\5.3.1\mockito-core-5.3.1.jar;C:\Users\alvar\.m2\repository\net\bytebuddy\byte-buddy-agent\1.14.9\byte-buddy-agent-1.14.9.jar;C:\Users\alvar\.m2\repository\org\objenesis\objenesis\3.3\objenesis-3.3.jar;C:\Users\alvar\.m2\repository\org\mockito\mockito-junit-jupiter\5.3.1\mockito-junit-jupiter-5.3.1.jar;C:\Users\alvar\.m2\repository\org\skyscreamer\jsonassert\1.5.1\jsonassert-1.5.1.jar;C:\Users\alvar\.m2\repository\com\vaadin\external\google\android-json\0.0.20131108.vaadin1\android-json-0.0.20131108.vaadin1.jar;C:\Users\alvar\.m2\repository\org\springframework\spring-core\6.0.13\spring-core-6.0.13.jar;C:\Users\alvar\.m2\repository\org\springframework\spring-jcl\6.0.13\spring-jcl-6.0.13.jar;C:\Users\alvar\.m2\repository\org\springframework\spring-test\6.0.13\spring-test-6.0.13.jar;C:\Users\alvar\.m2\repository\org\xmlunit\xmlunit-core\2.9.1\xmlunit-core-2.9.1.jar;C:\Users\alvar\.m2\repository\mysql\mysql-connector-java\8.0.27\mysql-connector-java-8.0.27.jar;C:\Users\alvar\.m2\repository\com\google\protobuf\protobuf-java\3.11.4\protobuf-java-3.11.4.jar;"/>
    <property name="java.vm.vendor" value="Oracle Corporation"/>
    <property name="sun.arch.data.model" value="64"/>
    <property name="user.variant" value=""/>
    <property name="spring.devtools.livereload.port" value="35729"/>
    <property name="java.vendor.url" value="https://java.oracle.com/"/>
    <property name="user.timezone" value="Europe/Madrid"/>
    <property name="org.jboss.logging.provider" value="slf4j"/>
    <property name="os.name" value="Windows 11"/>
    <property name="java.vm.specification.version" value="21"/>
    <property name="sun.java.launcher" value="SUN_STANDARD"/>
    <property name="user.country" value="ES"/>
    <property name="sun.boot.library.path" value="C:\Program Files\Java\jdk-21\bin"/>
    <property name="sun.java.command" value="C:\Users\alvar\AppData\Local\Temp\surefire737787051570679488\surefirebooter-20231218194307891_3.jar C:\Users\alvar\AppData\Local\Temp\surefire737787051570679488 2023-12-18T19-43-07_675-jvmRun1 surefire-20231218194307891_1tmp surefire_0-20231218194307891_2tmp"/>
    <property name="jdk.debug" value="release"/>
    <property name="surefire.test.class.path" value="C:\Users\alvar\Documentos\GitHub\IW2023-2024-OMW\target\test-classes;C:\Users\alvar\Documentos\GitHub\IW2023-2024-OMW\target\classes;C:\Users\alvar\.m2\repository\com\h2database\h2\2.1.214\h2-2.1.214.jar;C:\Users\alvar\.m2\repository\org\springframework\boot\spring-boot-starter-mail\3.1.5\spring-boot-starter-mail-3.1.5.jar;C:\Users\alvar\.m2\repository\org\springframework\boot\spring-boot-starter\3.1.5\spring-boot-starter-3.1.5.jar;C:\Users\alvar\.m2\repository\org\springframework\boot\spring-boot-starter-logging\3.1.5\spring-boot-starter-logging-3.1.5.jar;C:\Users\alvar\.m2\repository\ch\qos\logback\logback-classic\1.4.11\logback-classic-1.4.11.jar;C:\Users\alvar\.m2\repository\ch\qos\logback\logback-core\1.4.11\logback-core-1.4.11.jar;C:\Users\alvar\.m2\repository\org\apache\logging\log4j\log4j-to-slf4j\2.20.0\log4j-to-slf4j-2.20.0.jar;C:\Users\alvar\.m2\repository\org\apache\logging\log4j\log4j-api\2.20.0\log4j-api-2.20.0.jar;C:\Users\alvar\.m2\repository\org\slf4j\jul-to-slf4j\2.0.9\jul-to-slf4j-2.0.9.jar;C:\Users\alvar\.m2\repository\jakarta\annotation\jakarta.annotation-api\2.1.1\jakarta.annotation-api-2.1.1.jar;C:\Users\alvar\.m2\repository\org\yaml\snakeyaml\1.33\snakeyaml-1.33.jar;C:\Users\alvar\.m2\repository\org\springframework\spring-context-support\6.0.13\spring-context-support-6.0.13.jar;C:\Users\alvar\.m2\repository\org\springframework\spring-beans\6.0.13\spring-beans-6.0.13.jar;C:\Users\alvar\.m2\repository\org\springframework\spring-context\6.0.13\spring-context-6.0.13.jar;C:\Users\alvar\.m2\repository\org\eclipse\angus\jakarta.mail\1.1.0\jakarta.mail-1.1.0.jar;C:\Users\alvar\.m2\repository\jakarta\activation\jakarta.activation-api\2.1.2\jakarta.activation-api-2.1.2.jar;C:\Users\alvar\.m2\repository\org\eclipse\angus\angus-activation\2.0.1\angus-activation-2.0.1.jar;C:\Users\alvar\.m2\repository\javax\mail\mail\1.4\mail-1.4.jar;C:\Users\alvar\.m2\repository\javax\activation\activation\1.1\activation-1.1.jar;C:\Users\alvar\.m2\repository\org\springframework\boot\spring-boot-starter-data-jpa\3.1.5\spring-boot-starter-data-jpa-3.1.5.jar;C:\Users\alvar\.m2\repository\org\springframework\boot\spring-boot-starter-aop\3.1.5\spring-boot-starter-aop-3.1.5.jar;C:\Users\alvar\.m2\repository\org\aspectj\aspectjweaver\1.9.20\aspectjweaver-1.9.20.jar;C:\Users\alvar\.m2\repository\org\springframework\boot\spring-boot-starter-jdbc\3.1.5\spring-boot-starter-jdbc-3.1.5.jar;C:\Users\alvar\.m2\repository\com\zaxxer\HikariCP\5.0.1\HikariCP-5.0.1.jar;C:\Users\alvar\.m2\repository\org\springframework\spring-jdbc\6.0.13\spring-jdbc-6.0.13.jar;C:\Users\alvar\.m2\repository\org\hibernate\orm\hibernate-core\6.2.13.Final\hibernate-core-6.2.13.Final.jar;C:\Users\alvar\.m2\repository\jakarta\persistence\jakarta.persistence-api\3.1.0\jakarta.persistence-api-3.1.0.jar;C:\Users\alvar\.m2\repository\jakarta\transaction\jakarta.transaction-api\2.0.1\jakarta.transaction-api-2.0.1.jar;C:\Users\alvar\.m2\repository\org\jboss\logging\jboss-logging\3.5.3.Final\jboss-logging-3.5.3.Final.jar;C:\Users\alvar\.m2\repository\org\hibernate\common\hibernate-commons-annotations\6.0.6.Final\hibernate-commons-annotations-6.0.6.Final.jar;C:\Users\alvar\.m2\repository\io\smallrye\jandex\3.0.5\jandex-3.0.5.jar;C:\Users\alvar\.m2\repository\com\fasterxml\classmate\1.5.1\classmate-1.5.1.jar;C:\Users\alvar\.m2\repository\net\bytebuddy\byte-buddy\1.14.9\byte-buddy-1.14.9.jar;C:\Users\alvar\.m2\repository\org\glassfish\jaxb\jaxb-runtime\4.0.3\jaxb-runtime-4.0.3.jar;C:\Users\alvar\.m2\repository\org\glassfish\jaxb\jaxb-core\4.0.3\jaxb-core-4.0.3.jar;C:\Users\alvar\.m2\repository\org\glassfish\jaxb\txw2\4.0.3\txw2-4.0.3.jar;C:\Users\alvar\.m2\repository\com\sun\istack\istack-commons-runtime\4.1.2\istack-commons-runtime-4.1.2.jar;C:\Users\alvar\.m2\repository\jakarta\inject\jakarta.inject-api\2.0.1\jakarta.inject-api-2.0.1.jar;C:\Users\alvar\.m2\repository\org\antlr\antlr4-runtime\4.10.1\antlr4-runtime-4.10.1.jar;C:\Users\alvar\.m2\repository\org\springframework\data\spring-data-jpa\3.1.5\spring-data-jpa-3.1.5.jar;C:\Users\alvar\.m2\repository\org\springframework\data\spring-data-commons\3.1.5\spring-data-commons-3.1.5.jar;C:\Users\alvar\.m2\repository\org\springframework\spring-orm\6.0.13\spring-orm-6.0.13.jar;C:\Users\alvar\.m2\repository\org\springframework\spring-tx\6.0.13\spring-tx-6.0.13.jar;C:\Users\alvar\.m2\repository\org\slf4j\slf4j-api\2.0.9\slf4j-api-2.0.9.jar;C:\Users\alvar\.m2\repository\org\springframework\spring-aspects\6.0.13\spring-aspects-6.0.13.jar;C:\Users\alvar\.m2\repository\com\vaadin\vaadin-spring-boot-starter\24.2.1\vaadin-spring-boot-starter-24.2.1.jar;C:\Users\alvar\.m2\repository\com\vaadin\vaadin-spring\24.2.1\vaadin-spring-24.2.1.jar;C:\Users\alvar\.m2\repository\com\vaadin\flow-server\24.2.1\flow-server-24.2.1.jar;C:\Users\alvar\.m2\repository\com\vaadin\servletdetector\throw-if-servlet3\1.0.2\throw-if-servlet3-1.0.2.jar;C:\Users\alvar\.m2\repository\com\vaadin\external\gwt\gwt-elemental\2.8.2.vaadin2\gwt-elemental-2.8.2.vaadin2.jar;C:\Users\alvar\.m2\repository\org\apache\commons\commons-fileupload2-jakarta\2.0.0-M1\commons-fileupload2-jakarta-2.0.0-M1.jar;C:\Users\alvar\.m2\repository\org\apache\commons\commons-fileupload2-core\2.0.0-M1\commons-fileupload2-core-2.0.0-M1.jar;C:\Users\alvar\.m2\repository\commons-io\commons-io\2.13.0\commons-io-2.13.0.jar;C:\Users\alvar\.m2\repository\com\fasterxml\jackson\core\jackson-core\2.15.3\jackson-core-2.15.3.jar;C:\Users\alvar\.m2\repository\com\fasterxml\jackson\core\jackson-databind\2.15.3\jackson-databind-2.15.3.jar;C:\Users\alvar\.m2\repository\com\fasterxml\jackson\core\jackson-annotations\2.15.3\jackson-annotations-2.15.3.jar;C:\Users\alvar\.m2\repository\com\fasterxml\jackson\datatype\jackson-datatype-jsr310\2.15.3\jackson-datatype-jsr310-2.15.3.jar;C:\Users\alvar\.m2\repository\org\jsoup\jsoup\1.16.1\jsoup-1.16.1.jar;C:\Users\alvar\.m2\repository\com\helger\ph-css\7.0.1\ph-css-7.0.1.jar;C:\Users\alvar\.m2\repository\com\helger\commons\ph-commons\11.1.0\ph-commons-11.1.0.jar;C:\Users\alvar\.m2\repository\org\ow2\asm\asm\9.5\asm-9.5.jar;C:\Users\alvar\.m2\repository\com\vaadin\external\gentyref\1.2.0.vaadin1\gentyref-1.2.0.vaadin1.jar;C:\Users\alvar\.m2\repository\org\apache\commons\commons-compress\1.24.0\commons-compress-1.24.0.jar;C:\Users\alvar\.m2\repository\com\vaadin\flow-push\24.2.1\flow-push-24.2.1.jar;C:\Users\alvar\.m2\repository\com\vaadin\external\atmosphere\atmosphere-runtime\3.0.3.slf4jvaadin1\atmosphere-runtime-3.0.3.slf4jvaadin1.jar;C:\Users\alvar\.m2\repository\com\vaadin\flow-client\24.2.1\flow-client-24.2.1.jar;C:\Users\alvar\.m2\repository\org\springframework\spring-webmvc\6.0.13\spring-webmvc-6.0.13.jar;C:\Users\alvar\.m2\repository\org\springframework\spring-websocket\6.0.13\spring-websocket-6.0.13.jar;C:\Users\alvar\.m2\repository\org\hibernate\validator\hibernate-validator\8.0.1.Final\hibernate-validator-8.0.1.Final.jar;C:\Users\alvar\.m2\repository\jakarta\validation\jakarta.validation-api\3.0.2\jakarta.validation-api-3.0.2.jar;C:\Users\alvar\.m2\repository\org\reflections\reflections\0.10.2\reflections-0.10.2.jar;C:\Users\alvar\.m2\repository\org\javassist\javassist\3.28.0-GA\javassist-3.28.0-GA.jar;C:\Users\alvar\.m2\repository\com\google\code\findbugs\jsr305\3.0.2\jsr305-3.0.2.jar;C:\Users\alvar\.m2\repository\com\vaadin\vaadin-core\24.2.1\vaadin-core-24.2.1.jar;C:\Users\alvar\.m2\repository\com\vaadin\vaadin-core-internal\24.2.1\vaadin-core-internal-24.2.1.jar;C:\Users\alvar\.m2\repository\com\vaadin\flow-lit-template\24.2.1\flow-lit-template-24.2.1.jar;C:\Users\alvar\.m2\repository\com\vaadin\flow-html-components\24.2.1\flow-html-components-24.2.1.jar;C:\Users\alvar\.m2\repository\com\vaadin\flow-data\24.2.1\flow-data-24.2.1.jar;C:\Users\alvar\.m2\repository\com\vaadin\flow-dnd\24.2.1\flow-dnd-24.2.1.jar;C:\Users\alvar\.m2\repository\com\vaadin\vaadin-lumo-theme\24.2.1\vaadin-lumo-theme-24.2.1.jar;C:\Users\alvar\.m2\repository\com\vaadin\vaadin-material-theme\24.2.1\vaadin-material-theme-24.2.1.jar;C:\Users\alvar\.m2\repository\com\vaadin\vaadin-accordion-flow\24.2.1\vaadin-accordion-flow-24.2.1.jar;C:\Users\alvar\.m2\repository\com\vaadin\vaadin-avatar-flow\24.2.1\vaadin-avatar-flow-24.2.1.jar;C:\Users\alvar\.m2\repository\com\vaadin\vaadin-flow-components-base\24.2.1\vaadin-flow-components-base-24.2.1.jar;C:\Users\alvar\.m2\repository\com\vaadin\vaadin-button-flow\24.2.1\vaadin-button-flow-24.2.1.jar;C:\Users\alvar\.m2\repository\com\vaadin\vaadin-checkbox-flow\24.2.1\vaadin-checkbox-flow-24.2.1.jar;C:\Users\alvar\.m2\repository\com\vaadin\vaadin-combo-box-flow\24.2.1\vaadin-combo-box-flow-24.2.1.jar;C:\Users\alvar\.m2\repository\com\vaadin\vaadin-confirm-dialog-flow\24.2.1\vaadin-confirm-dialog-flow-24.2.1.jar;C:\Users\alvar\.m2\repository\com\vaadin\vaadin-custom-field-flow\24.2.1\vaadin-custom-field-flow-24.2.1.jar;C:\Users\alvar\.m2\repository\com\vaadin\vaadin-date-picker-flow\24.2.1\vaadin-date-picker-flow-24.2.1.jar;C:\Users\alvar\.m2\repository\com\vaadin\vaadin-date-time-picker-flow\24.2.1\vaadin-date-time-picker-flow-24.2.1.jar;C:\Users\alvar\.m2\repository\com\vaadin\vaadin-details-flow\24.2.1\vaadin-details-flow-24.2.1.jar;C:\Users\alvar\.m2\repository\com\vaadin\vaadin-time-picker-flow\24.2.1\vaadin-time-picker-flow-24.2.1.jar;C:\Users\alvar\.m2\repository\com\vaadin\vaadin-select-flow\24.2.1\vaadin-select-flow-24.2.1.jar;C:\Users\alvar\.m2\repository\com\vaadin\vaadin-side-nav-flow\24.2.1\vaadin-side-nav-flow-24.2.1.jar;C:\Users\alvar\.m2\repository\com\vaadin\vaadin-dialog-flow\24.2.1\vaadin-dialog-flow-24.2.1.jar;C:\Users\alvar\.m2\repository\com\vaadin\vaadin-form-layout-flow\24.2.1\vaadin-form-layout-flow-24.2.1.jar;C:\Users\alvar\.m2\repository\com\vaadin\vaadin-field-highlighter-flow\24.2.1\vaadin-field-highlighter-flow-24.2.1.jar;C:\Users\alvar\.m2\repository\com\vaadin\vaadin-grid-flow\24.2.1\vaadin-grid-flow-24.2.1.jar;C:\Users\alvar\.m2\repository\org\apache\commons\commons-lang3\3.12.0\commons-lang3-3.12.0.jar;C:\Users\alvar\.m2\repository\com\vaadin\vaadin-icons-flow\24.2.1\vaadin-icons-flow-24.2.1.jar;C:\Users\alvar\.m2\repository\com\vaadin\vaadin-virtual-list-flow\24.2.1\vaadin-virtual-list-flow-24.2.1.jar;C:\Users\alvar\.m2\repository\com\vaadin\vaadin-list-box-flow\24.2.1\vaadin-list-box-flow-24.2.1.jar;C:\Users\alvar\.m2\repository\com\vaadin\vaadin-login-flow\24.2.1\vaadin-login-flow-24.2.1.jar;C:\Users\alvar\.m2\repository\com\vaadin\vaadin-messages-flow\24.2.1\vaadin-messages-flow-24.2.1.jar;C:\Users\alvar\.m2\repository\com\vaadin\vaadin-ordered-layout-flow\24.2.1\vaadin-ordered-layout-flow-24.2.1.jar;C:\Users\alvar\.m2\repository\com\vaadin\vaadin-progress-bar-flow\24.2.1\vaadin-progress-bar-flow-24.2.1.jar;C:\Users\alvar\.m2\repository\com\vaadin\vaadin-radio-button-flow\24.2.1\vaadin-radio-button-flow-24.2.1.jar;C:\Users\alvar\.m2\repository\com\vaadin\vaadin-renderer-flow\24.2.1\vaadin-renderer-flow-24.2.1.jar;C:\Users\alvar\.m2\repository\com\vaadin\vaadin-split-layout-flow\24.2.1\vaadin-split-layout-flow-24.2.1.jar;C:\Users\alvar\.m2\repository\com\vaadin\vaadin-tabs-flow\24.2.1\vaadin-tabs-flow-24.2.1.jar;C:\Users\alvar\.m2\repository\com\vaadin\vaadin-text-field-flow\24.2.1\vaadin-text-field-flow-24.2.1.jar;C:\Users\alvar\.m2\repository\com\vaadin\vaadin-upload-flow\24.2.1\vaadin-upload-flow-24.2.1.jar;C:\Users\alvar\.m2\repository\com\vaadin\vaadin-notification-flow\24.2.1\vaadin-notification-flow-24.2.1.jar;C:\Users\alvar\.m2\repository\com\vaadin\vaadin-app-layout-flow\24.2.1\vaadin-app-layout-flow-24.2.1.jar;C:\Users\alvar\.m2\repository\com\vaadin\vaadin-context-menu-flow\24.2.1\vaadin-context-menu-flow-24.2.1.jar;C:\Users\alvar\.m2\repository\com\vaadin\vaadin-menu-bar-flow\24.2.1\vaadin-menu-bar-flow-24.2.1.jar;C:\Users\alvar\.m2\repository\com\vaadin\vaadin-dev\24.2.1\vaadin-dev-24.2.1.jar;C:\Users\alvar\.m2\repository\com\vaadin\vaadin-dev-server\24.2.1\vaadin-dev-server-24.2.1.jar;C:\Users\alvar\.m2\repository\com\vaadin\license-checker\1.12.3\license-checker-1.12.3.jar;C:\Users\alvar\.m2\repository\com\github\oshi\oshi-core\6.4.1\oshi-core-6.4.1.jar;C:\Users\alvar\.m2\repository\net\java\dev\jna\jna\5.13.0\jna-5.13.0.jar;C:\Users\alvar\.m2\repository\net\java\dev\jna\jna-platform\5.13.0\jna-platform-5.13.0.jar;C:\Users\alvar\.m2\repository\com\nimbusds\nimbus-jose-jwt\9.31\nimbus-jose-jwt-9.31.jar;C:\Users\alvar\.m2\repository\org\lucee\jcip-annotations\1.0.0\jcip-annotations-1.0.0.jar;C:\Users\alvar\.m2\repository\com\vaadin\open\8.5.0\open-8.5.0.jar;C:\Users\alvar\.m2\repository\com\github\javaparser\javaparser-core\3.25.5\javaparser-core-3.25.5.jar;C:\Users\alvar\.m2\repository\io\methvin\directory-watcher\0.18.0\directory-watcher-0.18.0.jar;C:\Users\alvar\.m2\repository\com\vaadin\vaadin-dev-bundle\24.2.1\vaadin-dev-bundle-24.2.1.jar;C:\Users\alvar\.m2\repository\org\springframework\boot\spring-boot-starter-web\3.1.5\spring-boot-starter-web-3.1.5.jar;C:\Users\alvar\.m2\repository\org\springframework\boot\spring-boot-starter-json\3.1.5\spring-boot-starter-json-3.1.5.jar;C:\Users\alvar\.m2\repository\com\fasterxml\jackson\datatype\jackson-datatype-jdk8\2.15.3\jackson-datatype-jdk8-2.15.3.jar;C:\Users\alvar\.m2\repository\com\fasterxml\jackson\module\jackson-module-parameter-names\2.15.3\jackson-module-parameter-names-2.15.3.jar;C:\Users\alvar\.m2\repository\org\springframework\boot\spring-boot-starter-tomcat\3.1.5\spring-boot-starter-tomcat-3.1.5.jar;C:\Users\alvar\.m2\repository\org\apache\tomcat\embed\tomcat-embed-core\10.1.15\tomcat-embed-core-10.1.15.jar;C:\Users\alvar\.m2\repository\org\apache\tomcat\embed\tomcat-embed-el\10.1.15\tomcat-embed-el-10.1.15.jar;C:\Users\alvar\.m2\repository\org\apache\tomcat\embed\tomcat-embed-websocket\10.1.15\tomcat-embed-websocket-10.1.15.jar;C:\Users\alvar\.m2\repository\org\springframework\spring-web\6.0.13\spring-web-6.0.13.jar;C:\Users\alvar\.m2\repository\io\micrometer\micrometer-observation\1.11.5\micrometer-observation-1.11.5.jar;C:\Users\alvar\.m2\repository\io\micrometer\micrometer-commons\1.11.5\micrometer-commons-1.11.5.jar;C:\Users\alvar\.m2\repository\org\springframework\boot\spring-boot-starter-security\3.1.5\spring-boot-starter-security-3.1.5.jar;C:\Users\alvar\.m2\repository\org\springframework\spring-aop\6.0.13\spring-aop-6.0.13.jar;C:\Users\alvar\.m2\repository\org\springframework\security\spring-security-config\6.1.5\spring-security-config-6.1.5.jar;C:\Users\alvar\.m2\repository\org\springframework\security\spring-security-core\6.1.5\spring-security-core-6.1.5.jar;C:\Users\alvar\.m2\repository\org\springframework\security\spring-security-crypto\6.1.5\spring-security-crypto-6.1.5.jar;C:\Users\alvar\.m2\repository\org\springframework\security\spring-security-web\6.1.5\spring-security-web-6.1.5.jar;C:\Users\alvar\.m2\repository\org\springframework\spring-expression\6.0.13\spring-expression-6.0.13.jar;C:\Users\alvar\.m2\repository\org\springframework\boot\spring-boot-devtools\3.1.5\spring-boot-devtools-3.1.5.jar;C:\Users\alvar\.m2\repository\org\springframework\boot\spring-boot\3.1.5\spring-boot-3.1.5.jar;C:\Users\alvar\.m2\repository\org\springframework\boot\spring-boot-autoconfigure\3.1.5\spring-boot-autoconfigure-3.1.5.jar;C:\Users\alvar\.m2\repository\org\projectlombok\lombok\1.18.30\lombok-1.18.30.jar;C:\Users\alvar\.m2\repository\org\springframework\boot\spring-boot-starter-test\3.1.5\spring-boot-starter-test-3.1.5.jar;C:\Users\alvar\.m2\repository\org\springframework\boot\spring-boot-test\3.1.5\spring-boot-test-3.1.5.jar;C:\Users\alvar\.m2\repository\org\springframework\boot\spring-boot-test-autoconfigure\3.1.5\spring-boot-test-autoconfigure-3.1.5.jar;C:\Users\alvar\.m2\repository\com\jayway\jsonpath\json-path\2.8.0\json-path-2.8.0.jar;C:\Users\alvar\.m2\repository\jakarta\xml\bind\jakarta.xml.bind-api\4.0.1\jakarta.xml.bind-api-4.0.1.jar;C:\Users\alvar\.m2\repository\net\minidev\json-smart\2.4.11\json-smart-2.4.11.jar;C:\Users\alvar\.m2\repository\net\minidev\accessors-smart\2.4.11\accessors-smart-2.4.11.jar;C:\Users\alvar\.m2\repository\org\assertj\assertj-core\3.24.2\assertj-core-3.24.2.jar;C:\Users\alvar\.m2\repository\org\hamcrest\hamcrest\2.2\hamcrest-2.2.jar;C:\Users\alvar\.m2\repository\org\junit\jupiter\junit-jupiter\5.9.3\junit-jupiter-5.9.3.jar;C:\Users\alvar\.m2\repository\org\junit\jupiter\junit-jupiter-api\5.9.3\junit-jupiter-api-5.9.3.jar;C:\Users\alvar\.m2\repository\org\opentest4j\opentest4j\1.2.0\opentest4j-1.2.0.jar;C:\Users\alvar\.m2\repository\org\junit\platform\junit-platform-commons\1.9.3\junit-platform-commons-1.9.3.jar;C:\Users\alvar\.m2\repository\org\apiguardian\apiguardian-api\1.1.2\apiguardian-api-1.1.2.jar;C:\Users\alvar\.m2\repository\org\junit\jupiter\junit-jupiter-params\5.9.3\junit-jupiter-params-5.9.3.jar;C:\Users\alvar\.m2\repository\org\junit\jupiter\junit-jupiter-engine\5.9.3\junit-jupiter-engine-5.9.3.jar;C:\Users\alvar\.m2\repository\org\junit\platform\junit-platform-engine\1.9.3\junit-platform-engine-1.9.3.jar;C:\Users\alvar\.m2\repository\org\mockito\mockito-core\5.3.1\mockito-core-5.3.1.jar;C:\Users\alvar\.m2\repository\net\bytebuddy\byte-buddy-agent\1.14.9\byte-buddy-agent-1.14.9.jar;C:\Users\alvar\.m2\repository\org\objenesis\objenesis\3.3\objenesis-3.3.jar;C:\Users\alvar\.m2\repository\org\mockito\mockito-junit-jupiter\5.3.1\mockito-junit-jupiter-5.3.1.jar;C:\Users\alvar\.m2\repository\org\skyscreamer\jsonassert\1.5.1\jsonassert-1.5.1.jar;C:\Users\alvar\.m2\repository\com\vaadin\external\google\android-json\0.0.20131108.vaadin1\android-json-0.0.20131108.vaadin1.jar;C:\Users\alvar\.m2\repository\org\springframework\spring-core\6.0.13\spring-core-6.0.13.jar;C:\Users\alvar\.m2\repository\org\springframework\spring-jcl\6.0.13\spring-jcl-6.0.13.jar;C:\Users\alvar\.m2\repository\org\springframework\spring-test\6.0.13\spring-test-6.0.13.jar;C:\Users\alvar\.m2\repository\org\xmlunit\xmlunit-core\2.9.1\xmlunit-core-2.9.1.jar;C:\Users\alvar\.m2\repository\mysql\mysql-connector-java\8.0.27\mysql-connector-java-8.0.27.jar;C:\Users\alvar\.m2\repository\com\google\protobuf\protobuf-java\3.11.4\protobuf-java-3.11.4.jar;"/>
    <property name="sun.cpu.endian" value="little"/>
    <property name="user.home" value="C:\Users\alvar"/>
    <property name="user.language" value="es"/>
    <property name="java.specification.vendor" value="Oracle Corporation"/>
    <property name="java.version.date" value="2023-10-17"/>
    <property name="java.home" value="C:\Program Files\Java\jdk-21"/>
    <property name="file.separator" value="\"/>
    <property name="basedir" value="C:\Users\alvar\Documentos\GitHub\IW2023-2024-OMW"/>
    <property name="java.vm.compressedOopsMode" value="Zero based"/>
    <property name="line.separator" value="&#10;"/>
    <property name="java.vm.specification.vendor" value="Oracle Corporation"/>
    <property name="java.specification.name" value="Java Platform API Specification"/>
    <property name="FILE_LOG_CHARSET" value="UTF-8"/>
    <property name="java.awt.headless" value="true"/>
    <property name="surefire.real.class.path" value="C:\Users\alvar\AppData\Local\Temp\surefire737787051570679488\surefirebooter-20231218194307891_3.jar"/>
    <property name="user.script" value=""/>
    <property name="sun.management.compiler" value="HotSpot 64-Bit Tiered Compilers"/>
    <property name="java.runtime.version" value="21.0.1+12-LTS-29"/>
    <property name="user.name" value="alvar"/>
    <property name="stdout.encoding" value="Cp1252"/>
    <property name="path.separator" value=";"/>
    <property name="os.version" value="10.0"/>
    <property name="java.runtime.name" value="Java(TM) SE Runtime Environment"/>
    <property name="file.encoding" value="UTF-8"/>
    <property name="java.vm.name" value="Java HotSpot(TM) 64-Bit Server VM"/>
    <property name="localRepository" value="C:\Users\alvar\.m2\repository"/>
    <property name="java.vendor.url.bug" value="https://bugreport.java.com/bugreport/"/>
    <property name="java.io.tmpdir" value="C:\Users\alvar\AppData\Local\Temp\"/>
    <property name="idea.version" value="2023.3.1"/>
    <property name="java.version" value="21.0.1"/>
    <property name="user.dir" value="C:\Users\alvar\Documentos\GitHub\IW2023-2024-OMW"/>
    <property name="os.arch" value="amd64"/>
    <property name="java.vm.specification.name" value="Java Virtual Machine Specification"/>
    <property name="PID" value="9892"/>
    <property name="sun.os.patch.level" value=""/>
    <property name="CONSOLE_LOG_CHARSET" value="UTF-8"/>
    <property name="native.encoding" value="Cp1252"/>
    <property name="java.library.path" value="C:\Program Files\Java\jdk-21\bin;C:\WINDOWS\Sun\Java\bin;C:\WINDOWS\system32;C:\WINDOWS;C:\Program Files\Common Files\Oracle\Java\javapath;C:\Program Files (x86)\Intel\iCLS Client\;C:\Program Files\Intel\iCLS Client\;C:\WINDOWS\system32;C:\WINDOWS;C:\WINDOWS\System32\Wbem;C:\WINDOWS\System32\WindowsPowerShell\v1.0\;C:\Program Files (x86)\Intel\Intel(R) Management Engine Components\DAL;C:\Program Files\Intel\Intel(R) Management Engine Components\DAL;C:\Program Files (x86)\Intel\Intel(R) Management Engine Components\IPT;C:\Program Files\Intel\Intel(R) Management Engine Components\IPT;C:\Program Files\Intel\WiFi\bin\;C:\Program Files\Common Files\Intel\WirelessCommon\;C:\WINDOWS\System32\OpenSSH\;C:\xampp\php;C:\ProgramData\ComposerSetup\bin;C:\Program Files\Java\jdk-19\bin;C:\Program Files\Oracle\VirtualBox;C:\ProgramData\chocolatey\bin;C:\Program Files\dotnet\;C:\Program Files\Microsoft SQL Server\150\Tools\Binn\;C:\Program Files\apache-maven-3.9.5\bin;C:\Program Files\PowerShell\7\;C:\Program Files\Docker\Docker\resources\bin;C:\Program Files\Git\cmd;C:\Program Files\nodejs\;C:\Users\alvar\scoop\apps\gnupg\current\bin;C:\Users\alvar\scoop\apps\nvm\current\nodejs\nodejs;C:\Users\alvar\scoop\apps\oh-my-posh\current\bin;C:\Users\alvar\scoop\apps\gcc\current\bin;C:\Users\alvar\scoop\shims;C:\Users\alvar\AppData\Local\Microsoft\WindowsApps;C:\Users\alvar\AppData\Local\Programs\Microsoft VS Code\bin;C:\Users\alvar\AppData\Local\Programs\oh-my-posh\bin;C:\Users\alvar\AppData\Roaming\Composer\vendor\bin;C:\Users\alvar\AppData\Local\Microsoft\WindowsApps;C:\Users\alvar\AppData\Local\GitHubDesktop\bin;C:\Users\alvar\.dotnet\tools;C:\Program Files\JetBrains\IntelliJ IDEA 2023.2.2\bin;;C:\Users\alvar\AppData\Roaming\npm;."/>
    <property name="java.vm.info" value="mixed mode, sharing"/>
    <property name="stderr.encoding" value="Cp1252"/>
    <property name="java.vendor" value="Oracle Corporation"/>
    <property name="java.vm.version" value="21.0.1+12-LTS-29"/>
    <property name="sun.io.unicode.encoding" value="UnicodeLittle"/>
    <property name="java.class.version" value="65.0"/>
  </properties>
  <testcase name="contextLoads" classname="com.IWPhone.IwBankApplicationTests" time="0.987">
    <system-out><![CDATA[19:43:09.427 [main] INFO org.springframework.test.context.support.AnnotationConfigContextLoaderUtils -- Could not detect default configuration classes for test class [com.IWPhone.IwBankApplicationTests]: IwBankApplicationTests does not declare any static, non-private, non-final, nested classes annotated with @Configuration.
19:43:09.606 [main] INFO org.springframework.boot.test.context.SpringBootTestContextBootstrapper -- Found @SpringBootConfiguration com.IWPhone.IwBankApplication for test class com.IWPhone.IwBankApplicationTests
19:43:09.860 [main] INFO org.springframework.boot.devtools.restart.RestartApplicationListener -- Restart disabled due to context in which it is running

  .   ____          _            __ _ _
 /\\ / ___'_ __ _ _(_)_ __  __ _ \ \ \ \
( ( )\___ | '_ | '_| | '_ \/ _` | \ \ \ \
 \\/  ___)| |_)| | | | | || (_| |  ) ) ) )
  '  |____| .__|_| |_|_| |_\__, | / / / /
 =========|_|==============|___/=/_/_/_/
 :: Spring Boot ::                (v3.1.5)

2023-12-18T19:43:10.353+01:00  INFO 9892 --- [           main] com.IWPhone.IwBankApplicationTests       : Starting IwBankApplicationTests using Java 21.0.1 with PID 9892 (started by alvar in C:\Users\alvar\Documentos\GitHub\IW2023-2024-OMW)
2023-12-18T19:43:10.357+01:00  INFO 9892 --- [           main] com.IWPhone.IwBankApplicationTests       : No active profile set, falling back to 1 default profile: "default"
2023-12-18T19:43:11.841+01:00  INFO 9892 --- [           main] .s.d.r.c.RepositoryConfigurationDelegate : Bootstrapping Spring Data JPA repositories in DEFAULT mode.
2023-12-18T19:43:12.037+01:00  INFO 9892 --- [           main] .s.d.r.c.RepositoryConfigurationDelegate : Finished Spring Data repository scanning in 177 ms. Found 6 JPA repository interfaces.
2023-12-18T19:43:13.123+01:00  INFO 9892 --- [           main] o.hibernate.jpa.internal.util.LogHelper  : HHH000204: Processing PersistenceUnitInfo [name: default]
2023-12-18T19:43:13.266+01:00  INFO 9892 --- [           main] org.hibernate.Version                    : HHH000412: Hibernate ORM core version 6.2.13.Final
2023-12-18T19:43:13.270+01:00  INFO 9892 --- [           main] org.hibernate.cfg.Environment            : HHH000406: Using bytecode reflection optimizer
2023-12-18T19:43:13.929+01:00  INFO 9892 --- [           main] o.s.o.j.p.SpringPersistenceUnitInfo      : No LoadTimeWeaver setup: ignoring JPA class transformer
2023-12-18T19:43:16.569+01:00  INFO 9892 --- [           main] o.h.e.t.j.p.i.JtaPlatformInitiator       : HHH000489: No JTA platform available (set 'hibernate.transaction.jta.platform' to enable JTA platform integration)
2023-12-18T19:43:16.754+01:00  INFO 9892 --- [           main] j.LocalContainerEntityManagerFactoryBean : Initialized JPA EntityManagerFactory for persistence unit 'default'
2023-12-18T19:43:18.527+01:00  INFO 9892 --- [           main] o.s.s.web.DefaultSecurityFilterChain     : Will secure any request with [org.springframework.security.web.session.DisableEncodeUrlFilter@63d43a5, org.springframework.security.web.context.request.async.WebAsyncManagerIntegrationFilter@55159007, org.springframework.security.web.context.SecurityContextHolderFilter@2c989d82, org.springframework.security.web.header.HeaderWriterFilter@4468ced2, org.springframework.security.web.csrf.CsrfFilter@1a6df932, org.springframework.security.web.authentication.logout.LogoutFilter@2396dc4e, org.springframework.security.web.authentication.UsernamePasswordAuthenticationFilter@5481f204, org.springframework.security.web.savedrequest.RequestCacheAwareFilter@2e7dd504, org.springframework.security.web.servletapi.SecurityContextHolderAwareRequestFilter@1e9e4468, org.springframework.security.web.authentication.AnonymousAuthenticationFilter@edf4973, org.springframework.security.web.access.ExceptionTranslationFilter@77430c79, org.springframework.security.web.access.intercept.AuthorizationFilter@19f9404d]
2023-12-18T19:43:19.621+01:00  INFO 9892 --- [           main] com.IWPhone.IwBankApplicationTests       : Started IwBankApplicationTests in 9.786 seconds (process running for 11.535)
]]></system-out>
    <system-err><![CDATA[WARNING: A Java agent has been loaded dynamically (C:\Users\alvar\.m2\repository\net\bytebuddy\byte-buddy-agent\1.14.9\byte-buddy-agent-1.14.9.jar)
WARNING: If a serviceability tool is in use, please run with -XX:+EnableDynamicAgentLoading to hide this warning
WARNING: If a serviceability tool is not in use, please run with -Djdk.instrument.traceUsage for more information
WARNING: Dynamic loading of agents will be disallowed by default in a future release
]]></system-err>
  </testcase>
</testsuite>